2025-05-19T20:28:38.172927Z  INFO tailwindcss_oxide::scanner: Provided sources:
2025-05-19T20:28:38.173298Z  INFO tailwindcss_oxide::scanner: Source: PublicSourceEntry { base: "c:\\Users\\Administrator\\Dropbox\\Source\\Projects-25\\TenantArmor_SASS\\tenantarmor", pattern: "**/*", negated: false }
2025-05-19T20:28:38.173802Z  INFO tailwindcss_oxide::scanner: Optimized sources:
2025-05-19T20:28:38.173873Z  INFO tailwindcss_oxide::scanner: Source: Auto { base: "C:\\Users\\Administrator\\Dropbox\\Source\\Projects-25\\TenantArmor_SASS\\tenantarmor" }
2025-05-19T20:28:38.179295Z  INFO get_files: tailwindcss_oxide::scanner: enter
2025-05-19T20:28:38.179630Z  INFO get_files:scan_sources: tailwindcss_oxide::scanner: enter
2025-05-19T20:28:38.186043Z  INFO get_files:scan_sources: tailwindcss_oxide::scanner: Discovering "C:\\Users\\Administrator\\Dropbox\\Source\\Projects-25\\TenantArmor_SASS\\tenantarmor\\components.json"
2025-05-19T20:28:38.186275Z  INFO get_files:scan_sources: tailwindcss_oxide::scanner: Discovering "C:\\Users\\Administrator\\Dropbox\\Source\\Projects-25\\TenantArmor_SASS\\tenantarmor\\eslint.config.mjs"
2025-05-19T20:28:38.186498Z  INFO get_files:scan_sources: tailwindcss_oxide::scanner: Discovering "C:\\Users\\Administrator\\Dropbox\\Source\\Projects-25\\TenantArmor_SASS\\tenantarmor\\next.config.ts"
2025-05-19T20:28:38.187284Z  INFO get_files:scan_sources: tailwindcss_oxide::scanner: Discovering "C:\\Users\\Administrator\\Dropbox\\Source\\Projects-25\\TenantArmor_SASS\\tenantarmor\\package.json"
2025-05-19T20:28:38.187483Z  INFO get_files:scan_sources: tailwindcss_oxide::scanner: Discovering "C:\\Users\\Administrator\\Dropbox\\Source\\Projects-25\\TenantArmor_SASS\\tenantarmor\\postcss.config.mjs"
2025-05-19T20:28:38.187903Z  INFO get_files:scan_sources: tailwindcss_oxide::scanner: Discovering "C:\\Users\\Administrator\\Dropbox\\Source\\Projects-25\\TenantArmor_SASS\\tenantarmor\\public"
2025-05-19T20:28:38.188534Z  INFO get_files:scan_sources: tailwindcss_oxide::scanner: Discovering "C:\\Users\\Administrator\\Dropbox\\Source\\Projects-25\\TenantArmor_SASS\\tenantarmor\\public\\file.svg"
2025-05-19T20:28:38.189091Z  INFO get_files:scan_sources: tailwindcss_oxide::scanner: Discovering "C:\\Users\\Administrator\\Dropbox\\Source\\Projects-25\\TenantArmor_SASS\\tenantarmor\\public\\globe.svg"
2025-05-19T20:28:38.189591Z  INFO get_files:scan_sources: tailwindcss_oxide::scanner: Discovering "C:\\Users\\Administrator\\Dropbox\\Source\\Projects-25\\TenantArmor_SASS\\tenantarmor\\public\\next.svg"
2025-05-19T20:28:38.190087Z  INFO get_files:scan_sources: tailwindcss_oxide::scanner: Discovering "C:\\Users\\Administrator\\Dropbox\\Source\\Projects-25\\TenantArmor_SASS\\tenantarmor\\public\\vercel.svg"
2025-05-19T20:28:38.190575Z  INFO get_files:scan_sources: tailwindcss_oxide::scanner: Discovering "C:\\Users\\Administrator\\Dropbox\\Source\\Projects-25\\TenantArmor_SASS\\tenantarmor\\public\\window.svg"
2025-05-19T20:28:38.190945Z  INFO get_files:scan_sources: tailwindcss_oxide::scanner: Discovering "C:\\Users\\Administrator\\Dropbox\\Source\\Projects-25\\TenantArmor_SASS\\tenantarmor\\README.md"
2025-05-19T20:28:38.191259Z  INFO get_files:scan_sources: tailwindcss_oxide::scanner: Discovering "C:\\Users\\Administrator\\Dropbox\\Source\\Projects-25\\TenantArmor_SASS\\tenantarmor\\src"
2025-05-19T20:28:38.191736Z  INFO get_files:scan_sources: tailwindcss_oxide::scanner: Discovering "C:\\Users\\Administrator\\Dropbox\\Source\\Projects-25\\TenantArmor_SASS\\tenantarmor\\src\\app"
2025-05-19T20:28:38.192142Z  INFO get_files:scan_sources: tailwindcss_oxide::scanner: Discovering "C:\\Users\\Administrator\\Dropbox\\Source\\Projects-25\\TenantArmor_SASS\\tenantarmor\\src\\app\\globals.css"
2025-05-19T20:28:38.192354Z  INFO get_files:scan_sources: tailwindcss_oxide::scanner: Discovering "C:\\Users\\Administrator\\Dropbox\\Source\\Projects-25\\TenantArmor_SASS\\tenantarmor\\src\\app\\layout.tsx"
2025-05-19T20:28:38.192533Z  INFO get_files:scan_sources: tailwindcss_oxide::scanner: Discovering "C:\\Users\\Administrator\\Dropbox\\Source\\Projects-25\\TenantArmor_SASS\\tenantarmor\\src\\app\\page.tsx"
2025-05-19T20:28:38.193401Z  INFO get_files:scan_sources: tailwindcss_oxide::scanner: Discovering "C:\\Users\\Administrator\\Dropbox\\Source\\Projects-25\\TenantArmor_SASS\\tenantarmor\\tsconfig.json"
2025-05-19T20:28:38.193854Z  INFO get_files:scan_sources: tailwindcss_oxide::scanner: exit
2025-05-19T20:28:38.195012Z  INFO get_files: tailwindcss_oxide::scanner: exit
2025-05-19T20:28:38.195222Z  INFO get_globs: tailwindcss_oxide::scanner: enter
2025-05-19T20:28:38.195247Z  INFO get_globs:scan_sources: tailwindcss_oxide::scanner: enter
2025-05-19T20:28:38.204975Z  INFO get_globs:scan_sources: tailwindcss_oxide::scanner: Discovering "C:\\Users\\Administrator\\Dropbox\\Source\\Projects-25\\TenantArmor_SASS\\tenantarmor\\public"
2025-05-19T20:28:38.207296Z  INFO get_globs:scan_sources: tailwindcss_oxide::scanner: Discovering "C:\\Users\\Administrator\\Dropbox\\Source\\Projects-25\\TenantArmor_SASS\\tenantarmor\\src"
2025-05-19T20:28:38.207991Z  INFO get_globs:scan_sources: tailwindcss_oxide::scanner: Discovering "C:\\Users\\Administrator\\Dropbox\\Source\\Projects-25\\TenantArmor_SASS\\tenantarmor\\src\\app"
2025-05-19T20:28:38.210467Z  INFO get_globs:scan_sources: tailwindcss_oxide::scanner: exit
2025-05-19T20:28:38.227966Z  INFO get_globs: tailwindcss_oxide::scanner: exit
2025-05-19T20:30:13.685329Z  INFO tailwindcss_oxide::scanner: Provided sources:
2025-05-19T20:30:13.685376Z  INFO tailwindcss_oxide::scanner: Source: PublicSourceEntry { base: "c:\\Users\\Administrator\\Dropbox\\Source\\Projects-25\\TenantArmor_SASS\\tenantarmor", pattern: "**/*", negated: false }
2025-05-19T20:30:13.685643Z  INFO tailwindcss_oxide::scanner: Optimized sources:
2025-05-19T20:30:13.685663Z  INFO tailwindcss_oxide::scanner: Source: Auto { base: "C:\\Users\\Administrator\\Dropbox\\Source\\Projects-25\\TenantArmor_SASS\\tenantarmor" }
2025-05-19T20:30:13.686090Z  INFO get_files: tailwindcss_oxide::scanner: enter
2025-05-19T20:30:13.686137Z  INFO get_files:scan_sources: tailwindcss_oxide::scanner: enter
2025-05-19T20:30:13.692769Z  INFO get_files:scan_sources: tailwindcss_oxide::scanner: Discovering "C:\\Users\\Administrator\\Dropbox\\Source\\Projects-25\\TenantArmor_SASS\\tenantarmor\\components.json"
2025-05-19T20:30:13.693115Z  INFO get_files:scan_sources: tailwindcss_oxide::scanner: Discovering "C:\\Users\\Administrator\\Dropbox\\Source\\Projects-25\\TenantArmor_SASS\\tenantarmor\\eslint.config.mjs"
2025-05-19T20:30:13.693324Z  INFO get_files:scan_sources: tailwindcss_oxide::scanner: Discovering "C:\\Users\\Administrator\\Dropbox\\Source\\Projects-25\\TenantArmor_SASS\\tenantarmor\\next.config.ts"
2025-05-19T20:30:13.693964Z  INFO get_files:scan_sources: tailwindcss_oxide::scanner: Discovering "C:\\Users\\Administrator\\Dropbox\\Source\\Projects-25\\TenantArmor_SASS\\tenantarmor\\package.json"
2025-05-19T20:30:13.694143Z  INFO get_files:scan_sources: tailwindcss_oxide::scanner: Discovering "C:\\Users\\Administrator\\Dropbox\\Source\\Projects-25\\TenantArmor_SASS\\tenantarmor\\postcss.config.mjs"
2025-05-19T20:30:13.694509Z  INFO get_files:scan_sources: tailwindcss_oxide::scanner: Discovering "C:\\Users\\Administrator\\Dropbox\\Source\\Projects-25\\TenantArmor_SASS\\tenantarmor\\public"
2025-05-19T20:30:13.694929Z  INFO get_files:scan_sources: tailwindcss_oxide::scanner: Discovering "C:\\Users\\Administrator\\Dropbox\\Source\\Projects-25\\TenantArmor_SASS\\tenantarmor\\public\\file.svg"
2025-05-19T20:30:13.695168Z  INFO get_files:scan_sources: tailwindcss_oxide::scanner: Discovering "C:\\Users\\Administrator\\Dropbox\\Source\\Projects-25\\TenantArmor_SASS\\tenantarmor\\public\\globe.svg"
2025-05-19T20:30:13.695394Z  INFO get_files:scan_sources: tailwindcss_oxide::scanner: Discovering "C:\\Users\\Administrator\\Dropbox\\Source\\Projects-25\\TenantArmor_SASS\\tenantarmor\\public\\next.svg"
2025-05-19T20:30:13.695617Z  INFO get_files:scan_sources: tailwindcss_oxide::scanner: Discovering "C:\\Users\\Administrator\\Dropbox\\Source\\Projects-25\\TenantArmor_SASS\\tenantarmor\\public\\vercel.svg"
2025-05-19T20:30:13.695926Z  INFO get_files:scan_sources: tailwindcss_oxide::scanner: Discovering "C:\\Users\\Administrator\\Dropbox\\Source\\Projects-25\\TenantArmor_SASS\\tenantarmor\\public\\window.svg"
2025-05-19T20:30:13.696222Z  INFO get_files:scan_sources: tailwindcss_oxide::scanner: Discovering "C:\\Users\\Administrator\\Dropbox\\Source\\Projects-25\\TenantArmor_SASS\\tenantarmor\\README.md"
2025-05-19T20:30:13.696497Z  INFO get_files:scan_sources: tailwindcss_oxide::scanner: Discovering "C:\\Users\\Administrator\\Dropbox\\Source\\Projects-25\\TenantArmor_SASS\\tenantarmor\\src"
2025-05-19T20:30:13.696918Z  INFO get_files:scan_sources: tailwindcss_oxide::scanner: Discovering "C:\\Users\\Administrator\\Dropbox\\Source\\Projects-25\\TenantArmor_SASS\\tenantarmor\\src\\app"
2025-05-19T20:30:13.697269Z  INFO get_files:scan_sources: tailwindcss_oxide::scanner: Discovering "C:\\Users\\Administrator\\Dropbox\\Source\\Projects-25\\TenantArmor_SASS\\tenantarmor\\src\\app\\globals.css"
2025-05-19T20:30:13.697567Z  INFO get_files:scan_sources: tailwindcss_oxide::scanner: Discovering "C:\\Users\\Administrator\\Dropbox\\Source\\Projects-25\\TenantArmor_SASS\\tenantarmor\\src\\app\\layout.tsx"
2025-05-19T20:30:13.697883Z  INFO get_files:scan_sources: tailwindcss_oxide::scanner: Discovering "C:\\Users\\Administrator\\Dropbox\\Source\\Projects-25\\TenantArmor_SASS\\tenantarmor\\src\\app\\page.tsx"
2025-05-19T20:30:13.698836Z  INFO get_files:scan_sources: tailwindcss_oxide::scanner: Discovering "C:\\Users\\Administrator\\Dropbox\\Source\\Projects-25\\TenantArmor_SASS\\tenantarmor\\tsconfig.json"
2025-05-19T20:30:13.699366Z  INFO get_files:scan_sources: tailwindcss_oxide::scanner: exit
2025-05-19T20:30:13.700101Z  INFO get_files: tailwindcss_oxide::scanner: exit
2025-05-19T20:30:13.700225Z  INFO get_globs: tailwindcss_oxide::scanner: enter
2025-05-19T20:30:13.700245Z  INFO get_globs:scan_sources: tailwindcss_oxide::scanner: enter
2025-05-19T20:30:13.707274Z  INFO get_globs:scan_sources: tailwindcss_oxide::scanner: Discovering "C:\\Users\\Administrator\\Dropbox\\Source\\Projects-25\\TenantArmor_SASS\\tenantarmor\\public"
2025-05-19T20:30:13.708945Z  INFO get_globs:scan_sources: tailwindcss_oxide::scanner: Discovering "C:\\Users\\Administrator\\Dropbox\\Source\\Projects-25\\TenantArmor_SASS\\tenantarmor\\src"
2025-05-19T20:30:13.709464Z  INFO get_globs:scan_sources: tailwindcss_oxide::scanner: Discovering "C:\\Users\\Administrator\\Dropbox\\Source\\Projects-25\\TenantArmor_SASS\\tenantarmor\\src\\app"
2025-05-19T20:30:13.711202Z  INFO get_globs:scan_sources: tailwindcss_oxide::scanner: exit
2025-05-19T20:30:13.720825Z  INFO get_globs: tailwindcss_oxide::scanner: exit
