2025-05-21T02:48:40.877495Z  INFO tailwindcss_oxide::scanner: Provided sources:
2025-05-21T02:48:40.877841Z  INFO tailwindcss_oxide::scanner: Source: PublicSourceEntry { base: "c:\\Users\\Administrator\\Dropbox\\Source\\Projects-25\\TenantArmor_SASS\\tenantarmor", pattern: "**/*", negated: false }
2025-05-21T02:48:40.878411Z  INFO tailwindcss_oxide::scanner: Optimized sources:
2025-05-21T02:48:40.878464Z  INFO tailwindcss_oxide::scanner: Source: Auto { base: "C:\\Users\\Administrator\\Dropbox\\Source\\Projects-25\\TenantArmor_SASS\\tenantarmor" }
2025-05-21T02:48:40.886758Z  INFO get_files: tailwindcss_oxide::scanner: enter
2025-05-21T02:48:40.889608Z  INFO get_files:scan_sources: tailwindcss_oxide::scanner: enter
2025-05-21T02:48:41.040845Z  INFO get_files:scan_sources: tailwindcss_oxide::scanner: Discovering "C:\\Users\\Administrator\\Dropbox\\Source\\Projects-25\\TenantArmor_SASS\\tenantarmor\\eslint.config.mjs"
2025-05-21T02:48:41.041514Z  INFO get_files:scan_sources: tailwindcss_oxide::scanner: Discovering "C:\\Users\\Administrator\\Dropbox\\Source\\Projects-25\\TenantArmor_SASS\\tenantarmor\\next.config.ts"
2025-05-21T02:48:41.050110Z  INFO get_files:scan_sources: tailwindcss_oxide::scanner: Discovering "C:\\Users\\Administrator\\Dropbox\\Source\\Projects-25\\TenantArmor_SASS\\tenantarmor\\package-reference.json"
2025-05-21T02:48:41.050457Z  INFO get_files:scan_sources: tailwindcss_oxide::scanner: Discovering "C:\\Users\\Administrator\\Dropbox\\Source\\Projects-25\\TenantArmor_SASS\\tenantarmor\\package.json"
2025-05-21T02:48:41.055809Z  INFO get_files:scan_sources: tailwindcss_oxide::scanner: Discovering "C:\\Users\\Administrator\\Dropbox\\Source\\Projects-25\\TenantArmor_SASS\\tenantarmor\\postcss.config.mjs"
2025-05-21T02:48:41.056559Z  INFO get_files:scan_sources: tailwindcss_oxide::scanner: Discovering "C:\\Users\\Administrator\\Dropbox\\Source\\Projects-25\\TenantArmor_SASS\\tenantarmor\\public"
2025-05-21T02:48:41.057455Z  INFO get_files:scan_sources: tailwindcss_oxide::scanner: Discovering "C:\\Users\\Administrator\\Dropbox\\Source\\Projects-25\\TenantArmor_SASS\\tenantarmor\\public\\file.svg"
2025-05-21T02:48:41.059049Z  INFO get_files:scan_sources: tailwindcss_oxide::scanner: Discovering "C:\\Users\\Administrator\\Dropbox\\Source\\Projects-25\\TenantArmor_SASS\\tenantarmor\\public\\globe.svg"
2025-05-21T02:48:41.060479Z  INFO get_files:scan_sources: tailwindcss_oxide::scanner: Discovering "C:\\Users\\Administrator\\Dropbox\\Source\\Projects-25\\TenantArmor_SASS\\tenantarmor\\public\\next.svg"
2025-05-21T02:48:41.061865Z  INFO get_files:scan_sources: tailwindcss_oxide::scanner: Discovering "C:\\Users\\Administrator\\Dropbox\\Source\\Projects-25\\TenantArmor_SASS\\tenantarmor\\public\\vercel.svg"
2025-05-21T02:48:41.064249Z  INFO get_files:scan_sources: tailwindcss_oxide::scanner: Discovering "C:\\Users\\Administrator\\Dropbox\\Source\\Projects-25\\TenantArmor_SASS\\tenantarmor\\public\\window.svg"
2025-05-21T02:48:41.064831Z  INFO get_files:scan_sources: tailwindcss_oxide::scanner: Discovering "C:\\Users\\Administrator\\Dropbox\\Source\\Projects-25\\TenantArmor_SASS\\tenantarmor\\README copy.md"
2025-05-21T02:48:41.065068Z  INFO get_files:scan_sources: tailwindcss_oxide::scanner: Discovering "C:\\Users\\Administrator\\Dropbox\\Source\\Projects-25\\TenantArmor_SASS\\tenantarmor\\README.md"
2025-05-21T02:48:41.065492Z  INFO get_files:scan_sources: tailwindcss_oxide::scanner: Discovering "C:\\Users\\Administrator\\Dropbox\\Source\\Projects-25\\TenantArmor_SASS\\tenantarmor\\src"
2025-05-21T02:48:41.069986Z  INFO get_files:scan_sources: tailwindcss_oxide::scanner: Discovering "C:\\Users\\Administrator\\Dropbox\\Source\\Projects-25\\TenantArmor_SASS\\tenantarmor\\src\\app"
2025-05-21T02:48:41.072398Z  INFO get_files:scan_sources: tailwindcss_oxide::scanner: Discovering "C:\\Users\\Administrator\\Dropbox\\Source\\Projects-25\\TenantArmor_SASS\\tenantarmor\\src\\app\\about"
2025-05-21T02:48:41.073780Z  INFO get_files:scan_sources: tailwindcss_oxide::scanner: Discovering "C:\\Users\\Administrator\\Dropbox\\Source\\Projects-25\\TenantArmor_SASS\\tenantarmor\\src\\app\\about\\page.tsx"
2025-05-21T02:48:41.076552Z  INFO get_files:scan_sources: tailwindcss_oxide::scanner: Discovering "C:\\Users\\Administrator\\Dropbox\\Source\\Projects-25\\TenantArmor_SASS\\tenantarmor\\src\\app\\dashboard"
2025-05-21T02:48:41.077408Z  INFO get_files:scan_sources: tailwindcss_oxide::scanner: Discovering "C:\\Users\\Administrator\\Dropbox\\Source\\Projects-25\\TenantArmor_SASS\\tenantarmor\\src\\app\\dashboard\\components"
2025-05-21T02:48:41.081278Z  INFO get_files:scan_sources: tailwindcss_oxide::scanner: Discovering "C:\\Users\\Administrator\\Dropbox\\Source\\Projects-25\\TenantArmor_SASS\\tenantarmor\\src\\app\\dashboard\\components\\SidebarNav.tsx"
2025-05-21T02:48:41.081904Z  INFO get_files:scan_sources: tailwindcss_oxide::scanner: Discovering "C:\\Users\\Administrator\\Dropbox\\Source\\Projects-25\\TenantArmor_SASS\\tenantarmor\\src\\app\\dashboard\\eviction-response"
2025-05-21T02:48:41.082774Z  INFO get_files:scan_sources: tailwindcss_oxide::scanner: Discovering "C:\\Users\\Administrator\\Dropbox\\Source\\Projects-25\\TenantArmor_SASS\\tenantarmor\\src\\app\\dashboard\\eviction-response\\page.tsx"
2025-05-21T02:48:41.083131Z  INFO get_files:scan_sources: tailwindcss_oxide::scanner: Discovering "C:\\Users\\Administrator\\Dropbox\\Source\\Projects-25\\TenantArmor_SASS\\tenantarmor\\src\\app\\dashboard\\layout.tsx"
2025-05-21T02:48:41.083527Z  INFO get_files:scan_sources: tailwindcss_oxide::scanner: Discovering "C:\\Users\\Administrator\\Dropbox\\Source\\Projects-25\\TenantArmor_SASS\\tenantarmor\\src\\app\\dashboard\\lease-analysis"
2025-05-21T02:48:41.086405Z  INFO get_files:scan_sources: tailwindcss_oxide::scanner: Discovering "C:\\Users\\Administrator\\Dropbox\\Source\\Projects-25\\TenantArmor_SASS\\tenantarmor\\src\\app\\dashboard\\lease-analysis\\components"
2025-05-21T02:48:41.087000Z  INFO get_files:scan_sources: tailwindcss_oxide::scanner: Discovering "C:\\Users\\Administrator\\Dropbox\\Source\\Projects-25\\TenantArmor_SASS\\tenantarmor\\src\\app\\dashboard\\lease-analysis\\components\\ClauseCard.tsx"
2025-05-21T02:48:41.087393Z  INFO get_files:scan_sources: tailwindcss_oxide::scanner: Discovering "C:\\Users\\Administrator\\Dropbox\\Source\\Projects-25\\TenantArmor_SASS\\tenantarmor\\src\\app\\dashboard\\lease-analysis\\page.tsx"
2025-05-21T02:48:41.087778Z  INFO get_files:scan_sources: tailwindcss_oxide::scanner: Discovering "C:\\Users\\Administrator\\Dropbox\\Source\\Projects-25\\TenantArmor_SASS\\tenantarmor\\src\\app\\dashboard\\lease-analysis\\upload"
2025-05-21T02:48:41.088298Z  INFO get_files:scan_sources: tailwindcss_oxide::scanner: Discovering "C:\\Users\\Administrator\\Dropbox\\Source\\Projects-25\\TenantArmor_SASS\\tenantarmor\\src\\app\\dashboard\\lease-analysis\\upload\\page.tsx"
2025-05-21T02:48:41.088977Z  INFO get_files:scan_sources: tailwindcss_oxide::scanner: Discovering "C:\\Users\\Administrator\\Dropbox\\Source\\Projects-25\\TenantArmor_SASS\\tenantarmor\\src\\app\\dashboard\\lease-analysis\\[analysisId]"
2025-05-21T02:48:41.090863Z  INFO get_files:scan_sources: tailwindcss_oxide::scanner: Discovering "C:\\Users\\Administrator\\Dropbox\\Source\\Projects-25\\TenantArmor_SASS\\tenantarmor\\src\\app\\dashboard\\lease-analysis\\[analysisId]\\page.tsx"
2025-05-21T02:48:41.091451Z  INFO get_files:scan_sources: tailwindcss_oxide::scanner: Discovering "C:\\Users\\Administrator\\Dropbox\\Source\\Projects-25\\TenantArmor_SASS\\tenantarmor\\src\\app\\dashboard\\login"
2025-05-21T02:48:41.092257Z  INFO get_files:scan_sources: tailwindcss_oxide::scanner: Discovering "C:\\Users\\Administrator\\Dropbox\\Source\\Projects-25\\TenantArmor_SASS\\tenantarmor\\src\\app\\dashboard\\login\\page.tsx"
2025-05-21T02:48:41.092598Z  INFO get_files:scan_sources: tailwindcss_oxide::scanner: Discovering "C:\\Users\\Administrator\\Dropbox\\Source\\Projects-25\\TenantArmor_SASS\\tenantarmor\\src\\app\\dashboard\\page.tsx"
2025-05-21T02:48:41.092982Z  INFO get_files:scan_sources: tailwindcss_oxide::scanner: Discovering "C:\\Users\\Administrator\\Dropbox\\Source\\Projects-25\\TenantArmor_SASS\\tenantarmor\\src\\app\\dashboard\\profile"
2025-05-21T02:48:41.093707Z  INFO get_files:scan_sources: tailwindcss_oxide::scanner: Discovering "C:\\Users\\Administrator\\Dropbox\\Source\\Projects-25\\TenantArmor_SASS\\tenantarmor\\src\\app\\dashboard\\profile\\page.tsx"
2025-05-21T02:48:41.094215Z  INFO get_files:scan_sources: tailwindcss_oxide::scanner: Discovering "C:\\Users\\Administrator\\Dropbox\\Source\\Projects-25\\TenantArmor_SASS\\tenantarmor\\src\\app\\dashboard\\signup"
2025-05-21T02:48:41.094706Z  INFO get_files:scan_sources: tailwindcss_oxide::scanner: Discovering "C:\\Users\\Administrator\\Dropbox\\Source\\Projects-25\\TenantArmor_SASS\\tenantarmor\\src\\app\\dashboard\\signup\\page.tsx"
2025-05-21T02:48:41.095114Z  INFO get_files:scan_sources: tailwindcss_oxide::scanner: Discovering "C:\\Users\\Administrator\\Dropbox\\Source\\Projects-25\\TenantArmor_SASS\\tenantarmor\\src\\app\\globals.css"
2025-05-21T02:48:41.095324Z  INFO get_files:scan_sources: tailwindcss_oxide::scanner: Discovering "C:\\Users\\Administrator\\Dropbox\\Source\\Projects-25\\TenantArmor_SASS\\tenantarmor\\src\\app\\layout.tsx"
2025-05-21T02:48:41.095530Z  INFO get_files:scan_sources: tailwindcss_oxide::scanner: Discovering "C:\\Users\\Administrator\\Dropbox\\Source\\Projects-25\\TenantArmor_SASS\\tenantarmor\\src\\app\\page.tsx"
2025-05-21T02:48:41.097677Z  INFO get_files:scan_sources: tailwindcss_oxide::scanner: Discovering "C:\\Users\\Administrator\\Dropbox\\Source\\Projects-25\\TenantArmor_SASS\\tenantarmor\\src\\app\\privacy-policy"
2025-05-21T02:48:41.098657Z  INFO get_files:scan_sources: tailwindcss_oxide::scanner: Discovering "C:\\Users\\Administrator\\Dropbox\\Source\\Projects-25\\TenantArmor_SASS\\tenantarmor\\src\\app\\privacy-policy\\page.tsx"
2025-05-21T02:48:41.099451Z  INFO get_files:scan_sources: tailwindcss_oxide::scanner: Discovering "C:\\Users\\Administrator\\Dropbox\\Source\\Projects-25\\TenantArmor_SASS\\tenantarmor\\src\\lib"
2025-05-21T02:48:41.099948Z  INFO get_files:scan_sources: tailwindcss_oxide::scanner: Discovering "C:\\Users\\Administrator\\Dropbox\\Source\\Projects-25\\TenantArmor_SASS\\tenantarmor\\src\\lib\\types.ts"
2025-05-21T02:48:41.100350Z  INFO get_files:scan_sources: tailwindcss_oxide::scanner: Discovering "C:\\Users\\Administrator\\Dropbox\\Source\\Projects-25\\TenantArmor_SASS\\tenantarmor\\tailwind.config.ts"
2025-05-21T02:48:41.100579Z  INFO get_files:scan_sources: tailwindcss_oxide::scanner: Discovering "C:\\Users\\Administrator\\Dropbox\\Source\\Projects-25\\TenantArmor_SASS\\tenantarmor\\tsconfig.json"
2025-05-21T02:48:41.101169Z  INFO get_files:scan_sources: tailwindcss_oxide::scanner: exit
2025-05-21T02:48:41.105906Z  INFO get_files: tailwindcss_oxide::scanner: exit
2025-05-21T02:48:41.106225Z  INFO get_globs: tailwindcss_oxide::scanner: enter
2025-05-21T02:48:41.106275Z  INFO get_globs:scan_sources: tailwindcss_oxide::scanner: enter
2025-05-21T02:48:41.125376Z  INFO get_globs:scan_sources: tailwindcss_oxide::scanner: Discovering "C:\\Users\\Administrator\\Dropbox\\Source\\Projects-25\\TenantArmor_SASS\\tenantarmor\\public"
2025-05-21T02:48:41.128054Z  INFO get_globs:scan_sources: tailwindcss_oxide::scanner: Discovering "C:\\Users\\Administrator\\Dropbox\\Source\\Projects-25\\TenantArmor_SASS\\tenantarmor\\src"
2025-05-21T02:48:41.128765Z  INFO get_globs:scan_sources: tailwindcss_oxide::scanner: Discovering "C:\\Users\\Administrator\\Dropbox\\Source\\Projects-25\\TenantArmor_SASS\\tenantarmor\\src\\app"
2025-05-21T02:48:41.129545Z  INFO get_globs:scan_sources: tailwindcss_oxide::scanner: Discovering "C:\\Users\\Administrator\\Dropbox\\Source\\Projects-25\\TenantArmor_SASS\\tenantarmor\\src\\app\\about"
2025-05-21T02:48:41.130655Z  INFO get_globs:scan_sources: tailwindcss_oxide::scanner: Discovering "C:\\Users\\Administrator\\Dropbox\\Source\\Projects-25\\TenantArmor_SASS\\tenantarmor\\src\\app\\dashboard"
2025-05-21T02:48:41.131419Z  INFO get_globs:scan_sources: tailwindcss_oxide::scanner: Discovering "C:\\Users\\Administrator\\Dropbox\\Source\\Projects-25\\TenantArmor_SASS\\tenantarmor\\src\\app\\dashboard\\components"
2025-05-21T02:48:41.132930Z  INFO get_globs:scan_sources: tailwindcss_oxide::scanner: Discovering "C:\\Users\\Administrator\\Dropbox\\Source\\Projects-25\\TenantArmor_SASS\\tenantarmor\\src\\app\\dashboard\\eviction-response"
2025-05-21T02:48:41.134299Z  INFO get_globs:scan_sources: tailwindcss_oxide::scanner: Discovering "C:\\Users\\Administrator\\Dropbox\\Source\\Projects-25\\TenantArmor_SASS\\tenantarmor\\src\\app\\dashboard\\lease-analysis"
2025-05-21T02:48:41.135010Z  INFO get_globs:scan_sources: tailwindcss_oxide::scanner: Discovering "C:\\Users\\Administrator\\Dropbox\\Source\\Projects-25\\TenantArmor_SASS\\tenantarmor\\src\\app\\dashboard\\lease-analysis\\components"
2025-05-21T02:48:41.136098Z  INFO get_globs:scan_sources: tailwindcss_oxide::scanner: Discovering "C:\\Users\\Administrator\\Dropbox\\Source\\Projects-25\\TenantArmor_SASS\\tenantarmor\\src\\app\\dashboard\\lease-analysis\\upload"
2025-05-21T02:48:41.137018Z  INFO get_globs:scan_sources: tailwindcss_oxide::scanner: Discovering "C:\\Users\\Administrator\\Dropbox\\Source\\Projects-25\\TenantArmor_SASS\\tenantarmor\\src\\app\\dashboard\\lease-analysis\\[analysisId]"
2025-05-21T02:48:41.137948Z  INFO get_globs:scan_sources: tailwindcss_oxide::scanner: Discovering "C:\\Users\\Administrator\\Dropbox\\Source\\Projects-25\\TenantArmor_SASS\\tenantarmor\\src\\app\\dashboard\\login"
2025-05-21T02:48:41.138954Z  INFO get_globs:scan_sources: tailwindcss_oxide::scanner: Discovering "C:\\Users\\Administrator\\Dropbox\\Source\\Projects-25\\TenantArmor_SASS\\tenantarmor\\src\\app\\dashboard\\profile"
2025-05-21T02:48:41.139816Z  INFO get_globs:scan_sources: tailwindcss_oxide::scanner: Discovering "C:\\Users\\Administrator\\Dropbox\\Source\\Projects-25\\TenantArmor_SASS\\tenantarmor\\src\\app\\dashboard\\signup"
2025-05-21T02:48:41.141987Z  INFO get_globs:scan_sources: tailwindcss_oxide::scanner: Discovering "C:\\Users\\Administrator\\Dropbox\\Source\\Projects-25\\TenantArmor_SASS\\tenantarmor\\src\\app\\privacy-policy"
2025-05-21T02:48:41.143020Z  INFO get_globs:scan_sources: tailwindcss_oxide::scanner: Discovering "C:\\Users\\Administrator\\Dropbox\\Source\\Projects-25\\TenantArmor_SASS\\tenantarmor\\src\\lib"
2025-05-21T02:48:41.144438Z  INFO get_globs:scan_sources: tailwindcss_oxide::scanner: exit
2025-05-21T02:48:41.162325Z  INFO get_globs: tailwindcss_oxide::scanner: exit
2025-05-21T02:50:29.765420Z  INFO tailwindcss_oxide::scanner: Provided sources:
2025-05-21T02:50:29.765477Z  INFO tailwindcss_oxide::scanner: Source: PublicSourceEntry { base: "c:\\Users\\Administrator\\Dropbox\\Source\\Projects-25\\TenantArmor_SASS\\tenantarmor", pattern: "**/*", negated: false }
2025-05-21T02:50:29.765846Z  INFO tailwindcss_oxide::scanner: Optimized sources:
2025-05-21T02:50:29.765872Z  INFO tailwindcss_oxide::scanner: Source: Auto { base: "C:\\Users\\Administrator\\Dropbox\\Source\\Projects-25\\TenantArmor_SASS\\tenantarmor" }
2025-05-21T02:50:29.766126Z  INFO get_files: tailwindcss_oxide::scanner: enter
2025-05-21T02:50:29.766160Z  INFO get_files:scan_sources: tailwindcss_oxide::scanner: enter
2025-05-21T02:50:29.820287Z  INFO get_files:scan_sources: tailwindcss_oxide::scanner: Discovering "C:\\Users\\Administrator\\Dropbox\\Source\\Projects-25\\TenantArmor_SASS\\tenantarmor\\eslint.config.mjs"
2025-05-21T02:50:29.820611Z  INFO get_files:scan_sources: tailwindcss_oxide::scanner: Discovering "C:\\Users\\Administrator\\Dropbox\\Source\\Projects-25\\TenantArmor_SASS\\tenantarmor\\next.config.ts"
2025-05-21T02:50:29.822072Z  INFO get_files:scan_sources: tailwindcss_oxide::scanner: Discovering "C:\\Users\\Administrator\\Dropbox\\Source\\Projects-25\\TenantArmor_SASS\\tenantarmor\\package-reference.json"
2025-05-21T02:50:29.822501Z  INFO get_files:scan_sources: tailwindcss_oxide::scanner: Discovering "C:\\Users\\Administrator\\Dropbox\\Source\\Projects-25\\TenantArmor_SASS\\tenantarmor\\package.json"
2025-05-21T02:50:29.822893Z  INFO get_files:scan_sources: tailwindcss_oxide::scanner: Discovering "C:\\Users\\Administrator\\Dropbox\\Source\\Projects-25\\TenantArmor_SASS\\tenantarmor\\postcss.config.mjs"
2025-05-21T02:50:29.824607Z  INFO get_files:scan_sources: tailwindcss_oxide::scanner: Discovering "C:\\Users\\Administrator\\Dropbox\\Source\\Projects-25\\TenantArmor_SASS\\tenantarmor\\public"
2025-05-21T02:50:29.826266Z  INFO get_files:scan_sources: tailwindcss_oxide::scanner: Discovering "C:\\Users\\Administrator\\Dropbox\\Source\\Projects-25\\TenantArmor_SASS\\tenantarmor\\public\\file.svg"
2025-05-21T02:50:29.826748Z  INFO get_files:scan_sources: tailwindcss_oxide::scanner: Discovering "C:\\Users\\Administrator\\Dropbox\\Source\\Projects-25\\TenantArmor_SASS\\tenantarmor\\public\\globe.svg"
2025-05-21T02:50:29.827332Z  INFO get_files:scan_sources: tailwindcss_oxide::scanner: Discovering "C:\\Users\\Administrator\\Dropbox\\Source\\Projects-25\\TenantArmor_SASS\\tenantarmor\\public\\next.svg"
2025-05-21T02:50:29.827991Z  INFO get_files:scan_sources: tailwindcss_oxide::scanner: Discovering "C:\\Users\\Administrator\\Dropbox\\Source\\Projects-25\\TenantArmor_SASS\\tenantarmor\\public\\vercel.svg"
2025-05-21T02:50:29.828391Z  INFO get_files:scan_sources: tailwindcss_oxide::scanner: Discovering "C:\\Users\\Administrator\\Dropbox\\Source\\Projects-25\\TenantArmor_SASS\\tenantarmor\\public\\window.svg"
2025-05-21T02:50:29.828909Z  INFO get_files:scan_sources: tailwindcss_oxide::scanner: Discovering "C:\\Users\\Administrator\\Dropbox\\Source\\Projects-25\\TenantArmor_SASS\\tenantarmor\\README copy.md"
2025-05-21T02:50:29.829212Z  INFO get_files:scan_sources: tailwindcss_oxide::scanner: Discovering "C:\\Users\\Administrator\\Dropbox\\Source\\Projects-25\\TenantArmor_SASS\\tenantarmor\\README.md"
2025-05-21T02:50:29.829609Z  INFO get_files:scan_sources: tailwindcss_oxide::scanner: Discovering "C:\\Users\\Administrator\\Dropbox\\Source\\Projects-25\\TenantArmor_SASS\\tenantarmor\\src"
2025-05-21T02:50:29.830270Z  INFO get_files:scan_sources: tailwindcss_oxide::scanner: Discovering "C:\\Users\\Administrator\\Dropbox\\Source\\Projects-25\\TenantArmor_SASS\\tenantarmor\\src\\app"
2025-05-21T02:50:29.830908Z  INFO get_files:scan_sources: tailwindcss_oxide::scanner: Discovering "C:\\Users\\Administrator\\Dropbox\\Source\\Projects-25\\TenantArmor_SASS\\tenantarmor\\src\\app\\about"
2025-05-21T02:50:29.831283Z  INFO get_files:scan_sources: tailwindcss_oxide::scanner: Discovering "C:\\Users\\Administrator\\Dropbox\\Source\\Projects-25\\TenantArmor_SASS\\tenantarmor\\src\\app\\about\\page.tsx"
2025-05-21T02:50:29.831974Z  INFO get_files:scan_sources: tailwindcss_oxide::scanner: Discovering "C:\\Users\\Administrator\\Dropbox\\Source\\Projects-25\\TenantArmor_SASS\\tenantarmor\\src\\app\\dashboard"
2025-05-21T02:50:29.832540Z  INFO get_files:scan_sources: tailwindcss_oxide::scanner: Discovering "C:\\Users\\Administrator\\Dropbox\\Source\\Projects-25\\TenantArmor_SASS\\tenantarmor\\src\\app\\dashboard\\components"
2025-05-21T02:50:29.835010Z  INFO get_files:scan_sources: tailwindcss_oxide::scanner: Discovering "C:\\Users\\Administrator\\Dropbox\\Source\\Projects-25\\TenantArmor_SASS\\tenantarmor\\src\\app\\dashboard\\components\\SidebarNav.tsx"
2025-05-21T02:50:29.836128Z  INFO get_files:scan_sources: tailwindcss_oxide::scanner: Discovering "C:\\Users\\Administrator\\Dropbox\\Source\\Projects-25\\TenantArmor_SASS\\tenantarmor\\src\\app\\dashboard\\eviction-response"
2025-05-21T02:50:29.837010Z  INFO get_files:scan_sources: tailwindcss_oxide::scanner: Discovering "C:\\Users\\Administrator\\Dropbox\\Source\\Projects-25\\TenantArmor_SASS\\tenantarmor\\src\\app\\dashboard\\eviction-response\\page.tsx"
2025-05-21T02:50:29.843046Z  INFO get_files:scan_sources: tailwindcss_oxide::scanner: Discovering "C:\\Users\\Administrator\\Dropbox\\Source\\Projects-25\\TenantArmor_SASS\\tenantarmor\\src\\app\\dashboard\\layout.tsx"
2025-05-21T02:50:29.844598Z  INFO get_files:scan_sources: tailwindcss_oxide::scanner: Discovering "C:\\Users\\Administrator\\Dropbox\\Source\\Projects-25\\TenantArmor_SASS\\tenantarmor\\src\\app\\dashboard\\lease-analysis"
2025-05-21T02:50:29.845955Z  INFO get_files:scan_sources: tailwindcss_oxide::scanner: Discovering "C:\\Users\\Administrator\\Dropbox\\Source\\Projects-25\\TenantArmor_SASS\\tenantarmor\\src\\app\\dashboard\\lease-analysis\\components"
2025-05-21T02:50:29.847640Z  INFO get_files:scan_sources: tailwindcss_oxide::scanner: Discovering "C:\\Users\\Administrator\\Dropbox\\Source\\Projects-25\\TenantArmor_SASS\\tenantarmor\\src\\app\\dashboard\\lease-analysis\\components\\ClauseCard.tsx"
2025-05-21T02:50:29.848109Z  INFO get_files:scan_sources: tailwindcss_oxide::scanner: Discovering "C:\\Users\\Administrator\\Dropbox\\Source\\Projects-25\\TenantArmor_SASS\\tenantarmor\\src\\app\\dashboard\\lease-analysis\\page.tsx"
2025-05-21T02:50:29.848586Z  INFO get_files:scan_sources: tailwindcss_oxide::scanner: Discovering "C:\\Users\\Administrator\\Dropbox\\Source\\Projects-25\\TenantArmor_SASS\\tenantarmor\\src\\app\\dashboard\\lease-analysis\\upload"
2025-05-21T02:50:29.850369Z  INFO get_files:scan_sources: tailwindcss_oxide::scanner: Discovering "C:\\Users\\Administrator\\Dropbox\\Source\\Projects-25\\TenantArmor_SASS\\tenantarmor\\src\\app\\dashboard\\lease-analysis\\upload\\page.tsx"
2025-05-21T02:50:29.851503Z  INFO get_files:scan_sources: tailwindcss_oxide::scanner: Discovering "C:\\Users\\Administrator\\Dropbox\\Source\\Projects-25\\TenantArmor_SASS\\tenantarmor\\src\\app\\dashboard\\lease-analysis\\[analysisId]"
2025-05-21T02:50:29.853734Z  INFO get_files:scan_sources: tailwindcss_oxide::scanner: Discovering "C:\\Users\\Administrator\\Dropbox\\Source\\Projects-25\\TenantArmor_SASS\\tenantarmor\\src\\app\\dashboard\\lease-analysis\\[analysisId]\\page.tsx"
2025-05-21T02:50:29.854639Z  INFO get_files:scan_sources: tailwindcss_oxide::scanner: Discovering "C:\\Users\\Administrator\\Dropbox\\Source\\Projects-25\\TenantArmor_SASS\\tenantarmor\\src\\app\\dashboard\\login"
2025-05-21T02:50:29.857604Z  INFO get_files:scan_sources: tailwindcss_oxide::scanner: Discovering "C:\\Users\\Administrator\\Dropbox\\Source\\Projects-25\\TenantArmor_SASS\\tenantarmor\\src\\app\\dashboard\\login\\page.tsx"
2025-05-21T02:50:29.858274Z  INFO get_files:scan_sources: tailwindcss_oxide::scanner: Discovering "C:\\Users\\Administrator\\Dropbox\\Source\\Projects-25\\TenantArmor_SASS\\tenantarmor\\src\\app\\dashboard\\page.tsx"
2025-05-21T02:50:29.858743Z  INFO get_files:scan_sources: tailwindcss_oxide::scanner: Discovering "C:\\Users\\Administrator\\Dropbox\\Source\\Projects-25\\TenantArmor_SASS\\tenantarmor\\src\\app\\dashboard\\profile"
2025-05-21T02:50:29.859734Z  INFO get_files:scan_sources: tailwindcss_oxide::scanner: Discovering "C:\\Users\\Administrator\\Dropbox\\Source\\Projects-25\\TenantArmor_SASS\\tenantarmor\\src\\app\\dashboard\\profile\\page.tsx"
2025-05-21T02:50:29.862481Z  INFO get_files:scan_sources: tailwindcss_oxide::scanner: Discovering "C:\\Users\\Administrator\\Dropbox\\Source\\Projects-25\\TenantArmor_SASS\\tenantarmor\\src\\app\\dashboard\\signup"
2025-05-21T02:50:29.863062Z  INFO get_files:scan_sources: tailwindcss_oxide::scanner: Discovering "C:\\Users\\Administrator\\Dropbox\\Source\\Projects-25\\TenantArmor_SASS\\tenantarmor\\src\\app\\dashboard\\signup\\page.tsx"
2025-05-21T02:50:29.863630Z  INFO get_files:scan_sources: tailwindcss_oxide::scanner: Discovering "C:\\Users\\Administrator\\Dropbox\\Source\\Projects-25\\TenantArmor_SASS\\tenantarmor\\src\\app\\globals.css"
2025-05-21T02:50:29.863876Z  INFO get_files:scan_sources: tailwindcss_oxide::scanner: Discovering "C:\\Users\\Administrator\\Dropbox\\Source\\Projects-25\\TenantArmor_SASS\\tenantarmor\\src\\app\\layout.tsx"
2025-05-21T02:50:29.864125Z  INFO get_files:scan_sources: tailwindcss_oxide::scanner: Discovering "C:\\Users\\Administrator\\Dropbox\\Source\\Projects-25\\TenantArmor_SASS\\tenantarmor\\src\\app\\page.tsx"
2025-05-21T02:50:29.864763Z  INFO get_files:scan_sources: tailwindcss_oxide::scanner: Discovering "C:\\Users\\Administrator\\Dropbox\\Source\\Projects-25\\TenantArmor_SASS\\tenantarmor\\src\\app\\privacy-policy"
2025-05-21T02:50:29.865446Z  INFO get_files:scan_sources: tailwindcss_oxide::scanner: Discovering "C:\\Users\\Administrator\\Dropbox\\Source\\Projects-25\\TenantArmor_SASS\\tenantarmor\\src\\app\\privacy-policy\\page.tsx"
2025-05-21T02:50:29.866108Z  INFO get_files:scan_sources: tailwindcss_oxide::scanner: Discovering "C:\\Users\\Administrator\\Dropbox\\Source\\Projects-25\\TenantArmor_SASS\\tenantarmor\\src\\lib"
2025-05-21T02:50:29.866767Z  INFO get_files:scan_sources: tailwindcss_oxide::scanner: Discovering "C:\\Users\\Administrator\\Dropbox\\Source\\Projects-25\\TenantArmor_SASS\\tenantarmor\\src\\lib\\types.ts"
2025-05-21T02:50:29.867177Z  INFO get_files:scan_sources: tailwindcss_oxide::scanner: Discovering "C:\\Users\\Administrator\\Dropbox\\Source\\Projects-25\\TenantArmor_SASS\\tenantarmor\\tailwind.config.ts"
2025-05-21T02:50:29.867492Z  INFO get_files:scan_sources: tailwindcss_oxide::scanner: Discovering "C:\\Users\\Administrator\\Dropbox\\Source\\Projects-25\\TenantArmor_SASS\\tenantarmor\\tsconfig.json"
2025-05-21T02:50:29.868316Z  INFO get_files:scan_sources: tailwindcss_oxide::scanner: exit
2025-05-21T02:50:29.873599Z  INFO get_files: tailwindcss_oxide::scanner: exit
2025-05-21T02:50:29.873797Z  INFO get_globs: tailwindcss_oxide::scanner: enter
2025-05-21T02:50:29.873826Z  INFO get_globs:scan_sources: tailwindcss_oxide::scanner: enter
2025-05-21T02:50:29.890883Z  INFO get_globs:scan_sources: tailwindcss_oxide::scanner: Discovering "C:\\Users\\Administrator\\Dropbox\\Source\\Projects-25\\TenantArmor_SASS\\tenantarmor\\public"
2025-05-21T02:50:29.894624Z  INFO get_globs:scan_sources: tailwindcss_oxide::scanner: Discovering "C:\\Users\\Administrator\\Dropbox\\Source\\Projects-25\\TenantArmor_SASS\\tenantarmor\\src"
2025-05-21T02:50:29.895317Z  INFO get_globs:scan_sources: tailwindcss_oxide::scanner: Discovering "C:\\Users\\Administrator\\Dropbox\\Source\\Projects-25\\TenantArmor_SASS\\tenantarmor\\src\\app"
2025-05-21T02:50:29.896056Z  INFO get_globs:scan_sources: tailwindcss_oxide::scanner: Discovering "C:\\Users\\Administrator\\Dropbox\\Source\\Projects-25\\TenantArmor_SASS\\tenantarmor\\src\\app\\about"
2025-05-21T02:50:29.896936Z  INFO get_globs:scan_sources: tailwindcss_oxide::scanner: Discovering "C:\\Users\\Administrator\\Dropbox\\Source\\Projects-25\\TenantArmor_SASS\\tenantarmor\\src\\app\\dashboard"
2025-05-21T02:50:29.898155Z  INFO get_globs:scan_sources: tailwindcss_oxide::scanner: Discovering "C:\\Users\\Administrator\\Dropbox\\Source\\Projects-25\\TenantArmor_SASS\\tenantarmor\\src\\app\\dashboard\\components"
2025-05-21T02:50:29.899092Z  INFO get_globs:scan_sources: tailwindcss_oxide::scanner: Discovering "C:\\Users\\Administrator\\Dropbox\\Source\\Projects-25\\TenantArmor_SASS\\tenantarmor\\src\\app\\dashboard\\eviction-response"
2025-05-21T02:50:29.901092Z  INFO get_globs:scan_sources: tailwindcss_oxide::scanner: Discovering "C:\\Users\\Administrator\\Dropbox\\Source\\Projects-25\\TenantArmor_SASS\\tenantarmor\\src\\app\\dashboard\\lease-analysis"
2025-05-21T02:50:29.902007Z  INFO get_globs:scan_sources: tailwindcss_oxide::scanner: Discovering "C:\\Users\\Administrator\\Dropbox\\Source\\Projects-25\\TenantArmor_SASS\\tenantarmor\\src\\app\\dashboard\\lease-analysis\\components"
2025-05-21T02:50:29.903758Z  INFO get_globs:scan_sources: tailwindcss_oxide::scanner: Discovering "C:\\Users\\Administrator\\Dropbox\\Source\\Projects-25\\TenantArmor_SASS\\tenantarmor\\src\\app\\dashboard\\lease-analysis\\upload"
2025-05-21T02:50:29.906509Z  INFO get_globs:scan_sources: tailwindcss_oxide::scanner: Discovering "C:\\Users\\Administrator\\Dropbox\\Source\\Projects-25\\TenantArmor_SASS\\tenantarmor\\src\\app\\dashboard\\lease-analysis\\[analysisId]"
2025-05-21T02:50:29.908689Z  INFO get_globs:scan_sources: tailwindcss_oxide::scanner: Discovering "C:\\Users\\Administrator\\Dropbox\\Source\\Projects-25\\TenantArmor_SASS\\tenantarmor\\src\\app\\dashboard\\login"
2025-05-21T02:50:29.910454Z  INFO get_globs:scan_sources: tailwindcss_oxide::scanner: Discovering "C:\\Users\\Administrator\\Dropbox\\Source\\Projects-25\\TenantArmor_SASS\\tenantarmor\\src\\app\\dashboard\\profile"
2025-05-21T02:50:29.912902Z  INFO get_globs:scan_sources: tailwindcss_oxide::scanner: Discovering "C:\\Users\\Administrator\\Dropbox\\Source\\Projects-25\\TenantArmor_SASS\\tenantarmor\\src\\app\\dashboard\\signup"
2025-05-21T02:50:29.915362Z  INFO get_globs:scan_sources: tailwindcss_oxide::scanner: Discovering "C:\\Users\\Administrator\\Dropbox\\Source\\Projects-25\\TenantArmor_SASS\\tenantarmor\\src\\app\\privacy-policy"
2025-05-21T02:50:29.916354Z  INFO get_globs:scan_sources: tailwindcss_oxide::scanner: Discovering "C:\\Users\\Administrator\\Dropbox\\Source\\Projects-25\\TenantArmor_SASS\\tenantarmor\\src\\lib"
2025-05-21T02:50:29.918001Z  INFO get_globs:scan_sources: tailwindcss_oxide::scanner: exit
2025-05-21T02:50:29.942742Z  INFO get_globs: tailwindcss_oxide::scanner: exit
2025-05-21T03:11:45.440025Z  INFO tailwindcss_oxide::scanner: Provided sources:
2025-05-21T03:11:45.440092Z  INFO tailwindcss_oxide::scanner: Source: PublicSourceEntry { base: "c:\\Users\\Administrator\\Dropbox\\Source\\Projects-25\\TenantArmor_SASS\\tenantarmor", pattern: "**/*", negated: false }
2025-05-21T03:11:45.440528Z  INFO tailwindcss_oxide::scanner: Optimized sources:
2025-05-21T03:11:45.440559Z  INFO tailwindcss_oxide::scanner: Source: Auto { base: "C:\\Users\\Administrator\\Dropbox\\Source\\Projects-25\\TenantArmor_SASS\\tenantarmor" }
2025-05-21T03:11:45.441480Z  INFO get_files: tailwindcss_oxide::scanner: enter
2025-05-21T03:11:45.441529Z  INFO get_files:scan_sources: tailwindcss_oxide::scanner: enter
2025-05-21T03:11:45.457323Z  INFO get_files:scan_sources: tailwindcss_oxide::scanner: Discovering "C:\\Users\\Administrator\\Dropbox\\Source\\Projects-25\\TenantArmor_SASS\\tenantarmor\\eslint.config.mjs"
2025-05-21T03:11:45.458131Z  INFO get_files:scan_sources: tailwindcss_oxide::scanner: Discovering "C:\\Users\\Administrator\\Dropbox\\Source\\Projects-25\\TenantArmor_SASS\\tenantarmor\\next.config.ts"
2025-05-21T03:11:45.459645Z  INFO get_files:scan_sources: tailwindcss_oxide::scanner: Discovering "C:\\Users\\Administrator\\Dropbox\\Source\\Projects-25\\TenantArmor_SASS\\tenantarmor\\package-reference.json"
2025-05-21T03:11:45.460001Z  INFO get_files:scan_sources: tailwindcss_oxide::scanner: Discovering "C:\\Users\\Administrator\\Dropbox\\Source\\Projects-25\\TenantArmor_SASS\\tenantarmor\\package.json"
2025-05-21T03:11:45.460439Z  INFO get_files:scan_sources: tailwindcss_oxide::scanner: Discovering "C:\\Users\\Administrator\\Dropbox\\Source\\Projects-25\\TenantArmor_SASS\\tenantarmor\\postcss.config.mjs"
2025-05-21T03:11:45.461208Z  INFO get_files:scan_sources: tailwindcss_oxide::scanner: Discovering "C:\\Users\\Administrator\\Dropbox\\Source\\Projects-25\\TenantArmor_SASS\\tenantarmor\\public"
2025-05-21T03:11:45.462478Z  INFO get_files:scan_sources: tailwindcss_oxide::scanner: Discovering "C:\\Users\\Administrator\\Dropbox\\Source\\Projects-25\\TenantArmor_SASS\\tenantarmor\\public\\file.svg"
2025-05-21T03:11:45.463016Z  INFO get_files:scan_sources: tailwindcss_oxide::scanner: Discovering "C:\\Users\\Administrator\\Dropbox\\Source\\Projects-25\\TenantArmor_SASS\\tenantarmor\\public\\globe.svg"
2025-05-21T03:11:45.463502Z  INFO get_files:scan_sources: tailwindcss_oxide::scanner: Discovering "C:\\Users\\Administrator\\Dropbox\\Source\\Projects-25\\TenantArmor_SASS\\tenantarmor\\public\\next.svg"
2025-05-21T03:11:45.463964Z  INFO get_files:scan_sources: tailwindcss_oxide::scanner: Discovering "C:\\Users\\Administrator\\Dropbox\\Source\\Projects-25\\TenantArmor_SASS\\tenantarmor\\public\\vercel.svg"
2025-05-21T03:11:45.464466Z  INFO get_files:scan_sources: tailwindcss_oxide::scanner: Discovering "C:\\Users\\Administrator\\Dropbox\\Source\\Projects-25\\TenantArmor_SASS\\tenantarmor\\public\\window.svg"
2025-05-21T03:11:45.465032Z  INFO get_files:scan_sources: tailwindcss_oxide::scanner: Discovering "C:\\Users\\Administrator\\Dropbox\\Source\\Projects-25\\TenantArmor_SASS\\tenantarmor\\README copy.md"
2025-05-21T03:11:45.465447Z  INFO get_files:scan_sources: tailwindcss_oxide::scanner: Discovering "C:\\Users\\Administrator\\Dropbox\\Source\\Projects-25\\TenantArmor_SASS\\tenantarmor\\README.md"
2025-05-21T03:11:45.466119Z  INFO get_files:scan_sources: tailwindcss_oxide::scanner: Discovering "C:\\Users\\Administrator\\Dropbox\\Source\\Projects-25\\TenantArmor_SASS\\tenantarmor\\src"
2025-05-21T03:11:45.466945Z  INFO get_files:scan_sources: tailwindcss_oxide::scanner: Discovering "C:\\Users\\Administrator\\Dropbox\\Source\\Projects-25\\TenantArmor_SASS\\tenantarmor\\src\\app"
2025-05-21T03:11:45.467802Z  INFO get_files:scan_sources: tailwindcss_oxide::scanner: Discovering "C:\\Users\\Administrator\\Dropbox\\Source\\Projects-25\\TenantArmor_SASS\\tenantarmor\\src\\app\\(auth)"
2025-05-21T03:11:45.468615Z  INFO get_files:scan_sources: tailwindcss_oxide::scanner: Discovering "C:\\Users\\Administrator\\Dropbox\\Source\\Projects-25\\TenantArmor_SASS\\tenantarmor\\src\\app\\(auth)\\login"
2025-05-21T03:11:45.469290Z  INFO get_files:scan_sources: tailwindcss_oxide::scanner: Discovering "C:\\Users\\Administrator\\Dropbox\\Source\\Projects-25\\TenantArmor_SASS\\tenantarmor\\src\\app\\(auth)\\login\\page.tsx"
2025-05-21T03:11:45.470116Z  INFO get_files:scan_sources: tailwindcss_oxide::scanner: Discovering "C:\\Users\\Administrator\\Dropbox\\Source\\Projects-25\\TenantArmor_SASS\\tenantarmor\\src\\app\\(auth)\\signup"
2025-05-21T03:11:45.471174Z  INFO get_files:scan_sources: tailwindcss_oxide::scanner: Discovering "C:\\Users\\Administrator\\Dropbox\\Source\\Projects-25\\TenantArmor_SASS\\tenantarmor\\src\\app\\(auth)\\signup\\page.tsx"
2025-05-21T03:11:45.472095Z  INFO get_files:scan_sources: tailwindcss_oxide::scanner: Discovering "C:\\Users\\Administrator\\Dropbox\\Source\\Projects-25\\TenantArmor_SASS\\tenantarmor\\src\\app\\(dashboard)"
2025-05-21T03:11:45.472984Z  INFO get_files:scan_sources: tailwindcss_oxide::scanner: Discovering "C:\\Users\\Administrator\\Dropbox\\Source\\Projects-25\\TenantArmor_SASS\\tenantarmor\\src\\app\\(dashboard)\\dashboard"
2025-05-21T03:11:45.473665Z  INFO get_files:scan_sources: tailwindcss_oxide::scanner: Discovering "C:\\Users\\Administrator\\Dropbox\\Source\\Projects-25\\TenantArmor_SASS\\tenantarmor\\src\\app\\(dashboard)\\dashboard\\page.tsx"
2025-05-21T03:11:45.474301Z  INFO get_files:scan_sources: tailwindcss_oxide::scanner: Discovering "C:\\Users\\Administrator\\Dropbox\\Source\\Projects-25\\TenantArmor_SASS\\tenantarmor\\src\\app\\(dashboard)\\eviction-response"
2025-05-21T03:11:45.474933Z  INFO get_files:scan_sources: tailwindcss_oxide::scanner: Discovering "C:\\Users\\Administrator\\Dropbox\\Source\\Projects-25\\TenantArmor_SASS\\tenantarmor\\src\\app\\(dashboard)\\eviction-response\\page.tsx"
2025-05-21T03:11:45.475398Z  INFO get_files:scan_sources: tailwindcss_oxide::scanner: Discovering "C:\\Users\\Administrator\\Dropbox\\Source\\Projects-25\\TenantArmor_SASS\\tenantarmor\\src\\app\\(dashboard)\\layout.tsx"
2025-05-21T03:11:45.475965Z  INFO get_files:scan_sources: tailwindcss_oxide::scanner: Discovering "C:\\Users\\Administrator\\Dropbox\\Source\\Projects-25\\TenantArmor_SASS\\tenantarmor\\src\\app\\(dashboard)\\lease-analysis"
2025-05-21T03:11:45.476886Z  INFO get_files:scan_sources: tailwindcss_oxide::scanner: Discovering "C:\\Users\\Administrator\\Dropbox\\Source\\Projects-25\\TenantArmor_SASS\\tenantarmor\\src\\app\\(dashboard)\\lease-analysis\\components"
2025-05-21T03:11:45.477549Z  INFO get_files:scan_sources: tailwindcss_oxide::scanner: Discovering "C:\\Users\\Administrator\\Dropbox\\Source\\Projects-25\\TenantArmor_SASS\\tenantarmor\\src\\app\\(dashboard)\\lease-analysis\\components\\ClauseCard.tsx"
2025-05-21T03:11:45.477946Z  INFO get_files:scan_sources: tailwindcss_oxide::scanner: Discovering "C:\\Users\\Administrator\\Dropbox\\Source\\Projects-25\\TenantArmor_SASS\\tenantarmor\\src\\app\\(dashboard)\\lease-analysis\\page.tsx"
2025-05-21T03:11:45.478544Z  INFO get_files:scan_sources: tailwindcss_oxide::scanner: Discovering "C:\\Users\\Administrator\\Dropbox\\Source\\Projects-25\\TenantArmor_SASS\\tenantarmor\\src\\app\\(dashboard)\\lease-analysis\\upload"
2025-05-21T03:11:45.479288Z  INFO get_files:scan_sources: tailwindcss_oxide::scanner: Discovering "C:\\Users\\Administrator\\Dropbox\\Source\\Projects-25\\TenantArmor_SASS\\tenantarmor\\src\\app\\(dashboard)\\lease-analysis\\upload\\page.tsx"
2025-05-21T03:11:45.479918Z  INFO get_files:scan_sources: tailwindcss_oxide::scanner: Discovering "C:\\Users\\Administrator\\Dropbox\\Source\\Projects-25\\TenantArmor_SASS\\tenantarmor\\src\\app\\(dashboard)\\lease-analysis\\[analysisId]"
2025-05-21T03:11:45.480612Z  INFO get_files:scan_sources: tailwindcss_oxide::scanner: Discovering "C:\\Users\\Administrator\\Dropbox\\Source\\Projects-25\\TenantArmor_SASS\\tenantarmor\\src\\app\\(dashboard)\\lease-analysis\\[analysisId]\\page.tsx"
2025-05-21T03:11:45.481393Z  INFO get_files:scan_sources: tailwindcss_oxide::scanner: Discovering "C:\\Users\\Administrator\\Dropbox\\Source\\Projects-25\\TenantArmor_SASS\\tenantarmor\\src\\app\\(dashboard)\\profile"
2025-05-21T03:11:45.482046Z  INFO get_files:scan_sources: tailwindcss_oxide::scanner: Discovering "C:\\Users\\Administrator\\Dropbox\\Source\\Projects-25\\TenantArmor_SASS\\tenantarmor\\src\\app\\(dashboard)\\profile\\page.tsx"
2025-05-21T03:11:45.482779Z  INFO get_files:scan_sources: tailwindcss_oxide::scanner: Discovering "C:\\Users\\Administrator\\Dropbox\\Source\\Projects-25\\TenantArmor_SASS\\tenantarmor\\src\\app\\(marketing)"
2025-05-21T03:11:45.483692Z  INFO get_files:scan_sources: tailwindcss_oxide::scanner: Discovering "C:\\Users\\Administrator\\Dropbox\\Source\\Projects-25\\TenantArmor_SASS\\tenantarmor\\src\\app\\(marketing)\\about"
2025-05-21T03:11:45.484395Z  INFO get_files:scan_sources: tailwindcss_oxide::scanner: Discovering "C:\\Users\\Administrator\\Dropbox\\Source\\Projects-25\\TenantArmor_SASS\\tenantarmor\\src\\app\\(marketing)\\about\\page.tsx"
2025-05-21T03:11:45.485000Z  INFO get_files:scan_sources: tailwindcss_oxide::scanner: Discovering "C:\\Users\\Administrator\\Dropbox\\Source\\Projects-25\\TenantArmor_SASS\\tenantarmor\\src\\app\\(marketing)\\privacy-policy"
2025-05-21T03:11:45.485777Z  INFO get_files:scan_sources: tailwindcss_oxide::scanner: Discovering "C:\\Users\\Administrator\\Dropbox\\Source\\Projects-25\\TenantArmor_SASS\\tenantarmor\\src\\app\\(marketing)\\privacy-policy\\page.tsx"
2025-05-21T03:11:45.486834Z  INFO get_files:scan_sources: tailwindcss_oxide::scanner: Discovering "C:\\Users\\Administrator\\Dropbox\\Source\\Projects-25\\TenantArmor_SASS\\tenantarmor\\src\\app\\about"
2025-05-21T03:11:45.488142Z  INFO get_files:scan_sources: tailwindcss_oxide::scanner: Discovering "C:\\Users\\Administrator\\Dropbox\\Source\\Projects-25\\TenantArmor_SASS\\tenantarmor\\src\\app\\components"
2025-05-21T03:11:45.489070Z  INFO get_files:scan_sources: tailwindcss_oxide::scanner: Discovering "C:\\Users\\Administrator\\Dropbox\\Source\\Projects-25\\TenantArmor_SASS\\tenantarmor\\src\\app\\components\\common"
2025-05-21T03:11:45.489692Z  INFO get_files:scan_sources: tailwindcss_oxide::scanner: Discovering "C:\\Users\\Administrator\\Dropbox\\Source\\Projects-25\\TenantArmor_SASS\\tenantarmor\\src\\app\\components\\common\\color-demo.tsx"
2025-05-21T03:11:45.489976Z  INFO get_files:scan_sources: tailwindcss_oxide::scanner: Discovering "C:\\Users\\Administrator\\Dropbox\\Source\\Projects-25\\TenantArmor_SASS\\tenantarmor\\src\\app\\components\\common\\sidebar-nav.tsx"
2025-05-21T03:11:45.490255Z  INFO get_files:scan_sources: tailwindcss_oxide::scanner: Discovering "C:\\Users\\Administrator\\Dropbox\\Source\\Projects-25\\TenantArmor_SASS\\tenantarmor\\src\\app\\components\\common\\theme-switcher.tsx"
2025-05-21T03:11:45.492362Z  INFO get_files:scan_sources: tailwindcss_oxide::scanner: Discovering "C:\\Users\\Administrator\\Dropbox\\Source\\Projects-25\\TenantArmor_SASS\\tenantarmor\\src\\app\\components\\providers"
2025-05-21T03:11:45.493119Z  INFO get_files:scan_sources: tailwindcss_oxide::scanner: Discovering "C:\\Users\\Administrator\\Dropbox\\Source\\Projects-25\\TenantArmor_SASS\\tenantarmor\\src\\app\\components\\providers\\theme-provider.tsx"
2025-05-21T03:11:45.493947Z  INFO get_files:scan_sources: tailwindcss_oxide::scanner: Discovering "C:\\Users\\Administrator\\Dropbox\\Source\\Projects-25\\TenantArmor_SASS\\tenantarmor\\src\\app\\dashboard"
2025-05-21T03:11:45.497042Z  INFO get_files:scan_sources: tailwindcss_oxide::scanner: Discovering "C:\\Users\\Administrator\\Dropbox\\Source\\Projects-25\\TenantArmor_SASS\\tenantarmor\\src\\app\\dashboard\\components"
2025-05-21T03:11:45.500042Z  INFO get_files:scan_sources: tailwindcss_oxide::scanner: Discovering "C:\\Users\\Administrator\\Dropbox\\Source\\Projects-25\\TenantArmor_SASS\\tenantarmor\\src\\app\\dashboard\\eviction-response"
2025-05-21T03:11:45.501227Z  INFO get_files:scan_sources: tailwindcss_oxide::scanner: Discovering "C:\\Users\\Administrator\\Dropbox\\Source\\Projects-25\\TenantArmor_SASS\\tenantarmor\\src\\app\\dashboard\\lease-analysis"
2025-05-21T03:11:45.502262Z  INFO get_files:scan_sources: tailwindcss_oxide::scanner: Discovering "C:\\Users\\Administrator\\Dropbox\\Source\\Projects-25\\TenantArmor_SASS\\tenantarmor\\src\\app\\dashboard\\lease-analysis\\components"
2025-05-21T03:11:45.503506Z  INFO get_files:scan_sources: tailwindcss_oxide::scanner: Discovering "C:\\Users\\Administrator\\Dropbox\\Source\\Projects-25\\TenantArmor_SASS\\tenantarmor\\src\\app\\dashboard\\lease-analysis\\upload"
2025-05-21T03:11:45.505109Z  INFO get_files:scan_sources: tailwindcss_oxide::scanner: Discovering "C:\\Users\\Administrator\\Dropbox\\Source\\Projects-25\\TenantArmor_SASS\\tenantarmor\\src\\app\\dashboard\\lease-analysis\\[analysisId]"
2025-05-21T03:11:45.506737Z  INFO get_files:scan_sources: tailwindcss_oxide::scanner: Discovering "C:\\Users\\Administrator\\Dropbox\\Source\\Projects-25\\TenantArmor_SASS\\tenantarmor\\src\\app\\dashboard\\login"
2025-05-21T03:11:45.508279Z  INFO get_files:scan_sources: tailwindcss_oxide::scanner: Discovering "C:\\Users\\Administrator\\Dropbox\\Source\\Projects-25\\TenantArmor_SASS\\tenantarmor\\src\\app\\dashboard\\profile"
2025-05-21T03:11:45.509389Z  INFO get_files:scan_sources: tailwindcss_oxide::scanner: Discovering "C:\\Users\\Administrator\\Dropbox\\Source\\Projects-25\\TenantArmor_SASS\\tenantarmor\\src\\app\\dashboard\\signup"
2025-05-21T03:11:45.510331Z  INFO get_files:scan_sources: tailwindcss_oxide::scanner: Discovering "C:\\Users\\Administrator\\Dropbox\\Source\\Projects-25\\TenantArmor_SASS\\tenantarmor\\src\\app\\globals.css"
2025-05-21T03:11:45.510635Z  INFO get_files:scan_sources: tailwindcss_oxide::scanner: Discovering "C:\\Users\\Administrator\\Dropbox\\Source\\Projects-25\\TenantArmor_SASS\\tenantarmor\\src\\app\\layout.tsx"
2025-05-21T03:11:45.510920Z  INFO get_files:scan_sources: tailwindcss_oxide::scanner: Discovering "C:\\Users\\Administrator\\Dropbox\\Source\\Projects-25\\TenantArmor_SASS\\tenantarmor\\src\\app\\page.tsx"
2025-05-21T03:11:45.511562Z  INFO get_files:scan_sources: tailwindcss_oxide::scanner: Discovering "C:\\Users\\Administrator\\Dropbox\\Source\\Projects-25\\TenantArmor_SASS\\tenantarmor\\src\\app\\privacy-policy"
2025-05-21T03:11:45.512699Z  INFO get_files:scan_sources: tailwindcss_oxide::scanner: Discovering "C:\\Users\\Administrator\\Dropbox\\Source\\Projects-25\\TenantArmor_SASS\\tenantarmor\\src\\lib"
2025-05-21T03:11:45.513338Z  INFO get_files:scan_sources: tailwindcss_oxide::scanner: Discovering "C:\\Users\\Administrator\\Dropbox\\Source\\Projects-25\\TenantArmor_SASS\\tenantarmor\\src\\lib\\types.ts"
2025-05-21T03:11:45.513832Z  INFO get_files:scan_sources: tailwindcss_oxide::scanner: Discovering "C:\\Users\\Administrator\\Dropbox\\Source\\Projects-25\\TenantArmor_SASS\\tenantarmor\\tailwind.config.ts"
2025-05-21T03:11:45.514309Z  INFO get_files:scan_sources: tailwindcss_oxide::scanner: Discovering "C:\\Users\\Administrator\\Dropbox\\Source\\Projects-25\\TenantArmor_SASS\\tenantarmor\\tsconfig.json"
2025-05-21T03:11:45.515256Z  INFO get_files:scan_sources: tailwindcss_oxide::scanner: exit
2025-05-21T03:11:45.516995Z  INFO get_files: tailwindcss_oxide::scanner: exit
2025-05-21T03:11:45.517163Z  INFO get_globs: tailwindcss_oxide::scanner: enter
2025-05-21T03:11:45.517201Z  INFO get_globs:scan_sources: tailwindcss_oxide::scanner: enter
2025-05-21T03:11:45.531960Z  INFO get_globs:scan_sources: tailwindcss_oxide::scanner: Discovering "C:\\Users\\Administrator\\Dropbox\\Source\\Projects-25\\TenantArmor_SASS\\tenantarmor\\public"
2025-05-21T03:11:45.534835Z  INFO get_globs:scan_sources: tailwindcss_oxide::scanner: Discovering "C:\\Users\\Administrator\\Dropbox\\Source\\Projects-25\\TenantArmor_SASS\\tenantarmor\\src"
2025-05-21T03:11:45.535750Z  INFO get_globs:scan_sources: tailwindcss_oxide::scanner: Discovering "C:\\Users\\Administrator\\Dropbox\\Source\\Projects-25\\TenantArmor_SASS\\tenantarmor\\src\\app"
2025-05-21T03:11:45.536622Z  INFO get_globs:scan_sources: tailwindcss_oxide::scanner: Discovering "C:\\Users\\Administrator\\Dropbox\\Source\\Projects-25\\TenantArmor_SASS\\tenantarmor\\src\\app\\(auth)"
2025-05-21T03:11:45.538566Z  INFO get_globs:scan_sources: tailwindcss_oxide::scanner: Discovering "C:\\Users\\Administrator\\Dropbox\\Source\\Projects-25\\TenantArmor_SASS\\tenantarmor\\src\\app\\(auth)\\login"
2025-05-21T03:11:45.542418Z  INFO get_globs:scan_sources: tailwindcss_oxide::scanner: Discovering "C:\\Users\\Administrator\\Dropbox\\Source\\Projects-25\\TenantArmor_SASS\\tenantarmor\\src\\app\\(auth)\\signup"
2025-05-21T03:11:45.544302Z  INFO get_globs:scan_sources: tailwindcss_oxide::scanner: Discovering "C:\\Users\\Administrator\\Dropbox\\Source\\Projects-25\\TenantArmor_SASS\\tenantarmor\\src\\app\\(dashboard)"
2025-05-21T03:11:45.546617Z  INFO get_globs:scan_sources: tailwindcss_oxide::scanner: Discovering "C:\\Users\\Administrator\\Dropbox\\Source\\Projects-25\\TenantArmor_SASS\\tenantarmor\\src\\app\\(dashboard)\\dashboard"
2025-05-21T03:11:45.548099Z  INFO get_globs:scan_sources: tailwindcss_oxide::scanner: Discovering "C:\\Users\\Administrator\\Dropbox\\Source\\Projects-25\\TenantArmor_SASS\\tenantarmor\\src\\app\\(dashboard)\\eviction-response"
2025-05-21T03:11:45.550129Z  INFO get_globs:scan_sources: tailwindcss_oxide::scanner: Discovering "C:\\Users\\Administrator\\Dropbox\\Source\\Projects-25\\TenantArmor_SASS\\tenantarmor\\src\\app\\(dashboard)\\lease-analysis"
2025-05-21T03:11:45.551084Z  INFO get_globs:scan_sources: tailwindcss_oxide::scanner: Discovering "C:\\Users\\Administrator\\Dropbox\\Source\\Projects-25\\TenantArmor_SASS\\tenantarmor\\src\\app\\(dashboard)\\lease-analysis\\components"
2025-05-21T03:11:45.554057Z  INFO get_globs:scan_sources: tailwindcss_oxide::scanner: Discovering "C:\\Users\\Administrator\\Dropbox\\Source\\Projects-25\\TenantArmor_SASS\\tenantarmor\\src\\app\\(dashboard)\\lease-analysis\\upload"
2025-05-21T03:11:45.555289Z  INFO get_globs:scan_sources: tailwindcss_oxide::scanner: Discovering "C:\\Users\\Administrator\\Dropbox\\Source\\Projects-25\\TenantArmor_SASS\\tenantarmor\\src\\app\\(dashboard)\\lease-analysis\\[analysisId]"
2025-05-21T03:11:45.557085Z  INFO get_globs:scan_sources: tailwindcss_oxide::scanner: Discovering "C:\\Users\\Administrator\\Dropbox\\Source\\Projects-25\\TenantArmor_SASS\\tenantarmor\\src\\app\\(dashboard)\\profile"
2025-05-21T03:11:45.559405Z  INFO get_globs:scan_sources: tailwindcss_oxide::scanner: Discovering "C:\\Users\\Administrator\\Dropbox\\Source\\Projects-25\\TenantArmor_SASS\\tenantarmor\\src\\app\\(marketing)"
2025-05-21T03:11:45.560850Z  INFO get_globs:scan_sources: tailwindcss_oxide::scanner: Discovering "C:\\Users\\Administrator\\Dropbox\\Source\\Projects-25\\TenantArmor_SASS\\tenantarmor\\src\\app\\(marketing)\\about"
2025-05-21T03:11:45.563240Z  INFO get_globs:scan_sources: tailwindcss_oxide::scanner: Discovering "C:\\Users\\Administrator\\Dropbox\\Source\\Projects-25\\TenantArmor_SASS\\tenantarmor\\src\\app\\(marketing)\\privacy-policy"
2025-05-21T03:11:45.566194Z  INFO get_globs:scan_sources: tailwindcss_oxide::scanner: Discovering "C:\\Users\\Administrator\\Dropbox\\Source\\Projects-25\\TenantArmor_SASS\\tenantarmor\\src\\app\\about"
2025-05-21T03:11:45.567314Z  INFO get_globs:scan_sources: tailwindcss_oxide::scanner: Discovering "C:\\Users\\Administrator\\Dropbox\\Source\\Projects-25\\TenantArmor_SASS\\tenantarmor\\src\\app\\components"
2025-05-21T03:11:45.568788Z  INFO get_globs:scan_sources: tailwindcss_oxide::scanner: Discovering "C:\\Users\\Administrator\\Dropbox\\Source\\Projects-25\\TenantArmor_SASS\\tenantarmor\\src\\app\\components\\common"
2025-05-21T03:11:45.570683Z  INFO get_globs:scan_sources: tailwindcss_oxide::scanner: Discovering "C:\\Users\\Administrator\\Dropbox\\Source\\Projects-25\\TenantArmor_SASS\\tenantarmor\\src\\app\\components\\providers"
2025-05-21T03:11:45.572507Z  INFO get_globs:scan_sources: tailwindcss_oxide::scanner: Discovering "C:\\Users\\Administrator\\Dropbox\\Source\\Projects-25\\TenantArmor_SASS\\tenantarmor\\src\\app\\dashboard"
2025-05-21T03:11:45.574082Z  INFO get_globs:scan_sources: tailwindcss_oxide::scanner: Discovering "C:\\Users\\Administrator\\Dropbox\\Source\\Projects-25\\TenantArmor_SASS\\tenantarmor\\src\\app\\dashboard\\components"
2025-05-21T03:11:45.575943Z  INFO get_globs:scan_sources: tailwindcss_oxide::scanner: Discovering "C:\\Users\\Administrator\\Dropbox\\Source\\Projects-25\\TenantArmor_SASS\\tenantarmor\\src\\app\\dashboard\\eviction-response"
2025-05-21T03:11:45.577145Z  INFO get_globs:scan_sources: tailwindcss_oxide::scanner: Discovering "C:\\Users\\Administrator\\Dropbox\\Source\\Projects-25\\TenantArmor_SASS\\tenantarmor\\src\\app\\dashboard\\lease-analysis"
2025-05-21T03:11:45.578115Z  INFO get_globs:scan_sources: tailwindcss_oxide::scanner: Discovering "C:\\Users\\Administrator\\Dropbox\\Source\\Projects-25\\TenantArmor_SASS\\tenantarmor\\src\\app\\dashboard\\lease-analysis\\components"
2025-05-21T03:11:45.580022Z  INFO get_globs:scan_sources: tailwindcss_oxide::scanner: Discovering "C:\\Users\\Administrator\\Dropbox\\Source\\Projects-25\\TenantArmor_SASS\\tenantarmor\\src\\app\\dashboard\\lease-analysis\\upload"
2025-05-21T03:11:45.581384Z  INFO get_globs:scan_sources: tailwindcss_oxide::scanner: Discovering "C:\\Users\\Administrator\\Dropbox\\Source\\Projects-25\\TenantArmor_SASS\\tenantarmor\\src\\app\\dashboard\\lease-analysis\\[analysisId]"
2025-05-21T03:11:45.583584Z  INFO get_globs:scan_sources: tailwindcss_oxide::scanner: Discovering "C:\\Users\\Administrator\\Dropbox\\Source\\Projects-25\\TenantArmor_SASS\\tenantarmor\\src\\app\\dashboard\\login"
2025-05-21T03:11:45.584897Z  INFO get_globs:scan_sources: tailwindcss_oxide::scanner: Discovering "C:\\Users\\Administrator\\Dropbox\\Source\\Projects-25\\TenantArmor_SASS\\tenantarmor\\src\\app\\dashboard\\profile"
2025-05-21T03:11:45.586510Z  INFO get_globs:scan_sources: tailwindcss_oxide::scanner: Discovering "C:\\Users\\Administrator\\Dropbox\\Source\\Projects-25\\TenantArmor_SASS\\tenantarmor\\src\\app\\dashboard\\signup"
2025-05-21T03:11:45.589341Z  INFO get_globs:scan_sources: tailwindcss_oxide::scanner: Discovering "C:\\Users\\Administrator\\Dropbox\\Source\\Projects-25\\TenantArmor_SASS\\tenantarmor\\src\\app\\privacy-policy"
2025-05-21T03:11:45.590535Z  INFO get_globs:scan_sources: tailwindcss_oxide::scanner: Discovering "C:\\Users\\Administrator\\Dropbox\\Source\\Projects-25\\TenantArmor_SASS\\tenantarmor\\src\\lib"
2025-05-21T03:11:45.592227Z  INFO get_globs:scan_sources: tailwindcss_oxide::scanner: exit
2025-05-21T03:11:45.621424Z  INFO get_globs: tailwindcss_oxide::scanner: exit
2025-05-21T03:15:30.117838Z  INFO tailwindcss_oxide::scanner: Provided sources:
2025-05-21T03:15:30.118017Z  INFO tailwindcss_oxide::scanner: Source: PublicSourceEntry { base: "c:\\Users\\Administrator\\Dropbox\\Source\\Projects-25\\TenantArmor_SASS\\tenantarmor", pattern: "**/*", negated: false }
2025-05-21T03:15:30.118392Z  INFO tailwindcss_oxide::scanner: Optimized sources:
2025-05-21T03:15:30.118429Z  INFO tailwindcss_oxide::scanner: Source: Auto { base: "C:\\Users\\Administrator\\Dropbox\\Source\\Projects-25\\TenantArmor_SASS\\tenantarmor" }
2025-05-21T03:15:30.118859Z  INFO get_files: tailwindcss_oxide::scanner: enter
2025-05-21T03:15:30.118911Z  INFO get_files:scan_sources: tailwindcss_oxide::scanner: enter
2025-05-21T03:15:30.131411Z  INFO get_files:scan_sources: tailwindcss_oxide::scanner: Discovering "C:\\Users\\Administrator\\Dropbox\\Source\\Projects-25\\TenantArmor_SASS\\tenantarmor\\eslint.config.mjs"
2025-05-21T03:15:30.131803Z  INFO get_files:scan_sources: tailwindcss_oxide::scanner: Discovering "C:\\Users\\Administrator\\Dropbox\\Source\\Projects-25\\TenantArmor_SASS\\tenantarmor\\next.config.ts"
2025-05-21T03:15:30.132882Z  INFO get_files:scan_sources: tailwindcss_oxide::scanner: Discovering "C:\\Users\\Administrator\\Dropbox\\Source\\Projects-25\\TenantArmor_SASS\\tenantarmor\\package-reference.json"
2025-05-21T03:15:30.133155Z  INFO get_files:scan_sources: tailwindcss_oxide::scanner: Discovering "C:\\Users\\Administrator\\Dropbox\\Source\\Projects-25\\TenantArmor_SASS\\tenantarmor\\package.json"
2025-05-21T03:15:30.133451Z  INFO get_files:scan_sources: tailwindcss_oxide::scanner: Discovering "C:\\Users\\Administrator\\Dropbox\\Source\\Projects-25\\TenantArmor_SASS\\tenantarmor\\postcss.config.mjs"
2025-05-21T03:15:30.134166Z  INFO get_files:scan_sources: tailwindcss_oxide::scanner: Discovering "C:\\Users\\Administrator\\Dropbox\\Source\\Projects-25\\TenantArmor_SASS\\tenantarmor\\public"
2025-05-21T03:15:30.134695Z  INFO get_files:scan_sources: tailwindcss_oxide::scanner: Discovering "C:\\Users\\Administrator\\Dropbox\\Source\\Projects-25\\TenantArmor_SASS\\tenantarmor\\public\\file.svg"
2025-05-21T03:15:30.135035Z  INFO get_files:scan_sources: tailwindcss_oxide::scanner: Discovering "C:\\Users\\Administrator\\Dropbox\\Source\\Projects-25\\TenantArmor_SASS\\tenantarmor\\public\\globe.svg"
2025-05-21T03:15:30.135523Z  INFO get_files:scan_sources: tailwindcss_oxide::scanner: Discovering "C:\\Users\\Administrator\\Dropbox\\Source\\Projects-25\\TenantArmor_SASS\\tenantarmor\\public\\next.svg"
2025-05-21T03:15:30.136662Z  INFO get_files:scan_sources: tailwindcss_oxide::scanner: Discovering "C:\\Users\\Administrator\\Dropbox\\Source\\Projects-25\\TenantArmor_SASS\\tenantarmor\\public\\vercel.svg"
2025-05-21T03:15:30.137120Z  INFO get_files:scan_sources: tailwindcss_oxide::scanner: Discovering "C:\\Users\\Administrator\\Dropbox\\Source\\Projects-25\\TenantArmor_SASS\\tenantarmor\\public\\window.svg"
2025-05-21T03:15:30.137782Z  INFO get_files:scan_sources: tailwindcss_oxide::scanner: Discovering "C:\\Users\\Administrator\\Dropbox\\Source\\Projects-25\\TenantArmor_SASS\\tenantarmor\\README copy.md"
2025-05-21T03:15:30.138238Z  INFO get_files:scan_sources: tailwindcss_oxide::scanner: Discovering "C:\\Users\\Administrator\\Dropbox\\Source\\Projects-25\\TenantArmor_SASS\\tenantarmor\\README.md"
2025-05-21T03:15:30.138962Z  INFO get_files:scan_sources: tailwindcss_oxide::scanner: Discovering "C:\\Users\\Administrator\\Dropbox\\Source\\Projects-25\\TenantArmor_SASS\\tenantarmor\\src"
2025-05-21T03:15:30.139951Z  INFO get_files:scan_sources: tailwindcss_oxide::scanner: Discovering "C:\\Users\\Administrator\\Dropbox\\Source\\Projects-25\\TenantArmor_SASS\\tenantarmor\\src\\app"
2025-05-21T03:15:30.140926Z  INFO get_files:scan_sources: tailwindcss_oxide::scanner: Discovering "C:\\Users\\Administrator\\Dropbox\\Source\\Projects-25\\TenantArmor_SASS\\tenantarmor\\src\\app\\(auth)"
2025-05-21T03:15:30.141856Z  INFO get_files:scan_sources: tailwindcss_oxide::scanner: Discovering "C:\\Users\\Administrator\\Dropbox\\Source\\Projects-25\\TenantArmor_SASS\\tenantarmor\\src\\app\\(auth)\\login"
2025-05-21T03:15:30.142756Z  INFO get_files:scan_sources: tailwindcss_oxide::scanner: Discovering "C:\\Users\\Administrator\\Dropbox\\Source\\Projects-25\\TenantArmor_SASS\\tenantarmor\\src\\app\\(auth)\\login\\page.tsx"
2025-05-21T03:15:30.143632Z  INFO get_files:scan_sources: tailwindcss_oxide::scanner: Discovering "C:\\Users\\Administrator\\Dropbox\\Source\\Projects-25\\TenantArmor_SASS\\tenantarmor\\src\\app\\(auth)\\signup"
2025-05-21T03:15:30.144202Z  INFO get_files:scan_sources: tailwindcss_oxide::scanner: Discovering "C:\\Users\\Administrator\\Dropbox\\Source\\Projects-25\\TenantArmor_SASS\\tenantarmor\\src\\app\\(auth)\\signup\\page.tsx"
2025-05-21T03:15:30.145044Z  INFO get_files:scan_sources: tailwindcss_oxide::scanner: Discovering "C:\\Users\\Administrator\\Dropbox\\Source\\Projects-25\\TenantArmor_SASS\\tenantarmor\\src\\app\\(dashboard)"
2025-05-21T03:15:30.146078Z  INFO get_files:scan_sources: tailwindcss_oxide::scanner: Discovering "C:\\Users\\Administrator\\Dropbox\\Source\\Projects-25\\TenantArmor_SASS\\tenantarmor\\src\\app\\(dashboard)\\dashboard"
2025-05-21T03:15:30.146697Z  INFO get_files:scan_sources: tailwindcss_oxide::scanner: Discovering "C:\\Users\\Administrator\\Dropbox\\Source\\Projects-25\\TenantArmor_SASS\\tenantarmor\\src\\app\\(dashboard)\\dashboard\\page.tsx"
2025-05-21T03:15:30.147274Z  INFO get_files:scan_sources: tailwindcss_oxide::scanner: Discovering "C:\\Users\\Administrator\\Dropbox\\Source\\Projects-25\\TenantArmor_SASS\\tenantarmor\\src\\app\\(dashboard)\\eviction-response"
2025-05-21T03:15:30.147837Z  INFO get_files:scan_sources: tailwindcss_oxide::scanner: Discovering "C:\\Users\\Administrator\\Dropbox\\Source\\Projects-25\\TenantArmor_SASS\\tenantarmor\\src\\app\\(dashboard)\\eviction-response\\page.tsx"
2025-05-21T03:15:30.148196Z  INFO get_files:scan_sources: tailwindcss_oxide::scanner: Discovering "C:\\Users\\Administrator\\Dropbox\\Source\\Projects-25\\TenantArmor_SASS\\tenantarmor\\src\\app\\(dashboard)\\layout.tsx"
2025-05-21T03:15:30.148616Z  INFO get_files:scan_sources: tailwindcss_oxide::scanner: Discovering "C:\\Users\\Administrator\\Dropbox\\Source\\Projects-25\\TenantArmor_SASS\\tenantarmor\\src\\app\\(dashboard)\\lease-analysis"
2025-05-21T03:15:30.149341Z  INFO get_files:scan_sources: tailwindcss_oxide::scanner: Discovering "C:\\Users\\Administrator\\Dropbox\\Source\\Projects-25\\TenantArmor_SASS\\tenantarmor\\src\\app\\(dashboard)\\lease-analysis\\components"
2025-05-21T03:15:30.149875Z  INFO get_files:scan_sources: tailwindcss_oxide::scanner: Discovering "C:\\Users\\Administrator\\Dropbox\\Source\\Projects-25\\TenantArmor_SASS\\tenantarmor\\src\\app\\(dashboard)\\lease-analysis\\components\\ClauseCard.tsx"
2025-05-21T03:15:30.150255Z  INFO get_files:scan_sources: tailwindcss_oxide::scanner: Discovering "C:\\Users\\Administrator\\Dropbox\\Source\\Projects-25\\TenantArmor_SASS\\tenantarmor\\src\\app\\(dashboard)\\lease-analysis\\page.tsx"
2025-05-21T03:15:30.150673Z  INFO get_files:scan_sources: tailwindcss_oxide::scanner: Discovering "C:\\Users\\Administrator\\Dropbox\\Source\\Projects-25\\TenantArmor_SASS\\tenantarmor\\src\\app\\(dashboard)\\lease-analysis\\upload"
2025-05-21T03:15:30.151201Z  INFO get_files:scan_sources: tailwindcss_oxide::scanner: Discovering "C:\\Users\\Administrator\\Dropbox\\Source\\Projects-25\\TenantArmor_SASS\\tenantarmor\\src\\app\\(dashboard)\\lease-analysis\\upload\\page.tsx"
2025-05-21T03:15:30.151692Z  INFO get_files:scan_sources: tailwindcss_oxide::scanner: Discovering "C:\\Users\\Administrator\\Dropbox\\Source\\Projects-25\\TenantArmor_SASS\\tenantarmor\\src\\app\\(dashboard)\\lease-analysis\\[analysisId]"
2025-05-21T03:15:30.152058Z  INFO get_files:scan_sources: tailwindcss_oxide::scanner: Discovering "C:\\Users\\Administrator\\Dropbox\\Source\\Projects-25\\TenantArmor_SASS\\tenantarmor\\src\\app\\(dashboard)\\lease-analysis\\[analysisId]\\page.tsx"
2025-05-21T03:15:30.152693Z  INFO get_files:scan_sources: tailwindcss_oxide::scanner: Discovering "C:\\Users\\Administrator\\Dropbox\\Source\\Projects-25\\TenantArmor_SASS\\tenantarmor\\src\\app\\(dashboard)\\profile"
2025-05-21T03:15:30.153332Z  INFO get_files:scan_sources: tailwindcss_oxide::scanner: Discovering "C:\\Users\\Administrator\\Dropbox\\Source\\Projects-25\\TenantArmor_SASS\\tenantarmor\\src\\app\\(dashboard)\\profile\\page.tsx"
2025-05-21T03:15:30.154044Z  INFO get_files:scan_sources: tailwindcss_oxide::scanner: Discovering "C:\\Users\\Administrator\\Dropbox\\Source\\Projects-25\\TenantArmor_SASS\\tenantarmor\\src\\app\\(marketing)"
2025-05-21T03:15:30.154752Z  INFO get_files:scan_sources: tailwindcss_oxide::scanner: Discovering "C:\\Users\\Administrator\\Dropbox\\Source\\Projects-25\\TenantArmor_SASS\\tenantarmor\\src\\app\\(marketing)\\about"
2025-05-21T03:15:30.155531Z  INFO get_files:scan_sources: tailwindcss_oxide::scanner: Discovering "C:\\Users\\Administrator\\Dropbox\\Source\\Projects-25\\TenantArmor_SASS\\tenantarmor\\src\\app\\(marketing)\\about\\page.tsx"
2025-05-21T03:15:30.155979Z  INFO get_files:scan_sources: tailwindcss_oxide::scanner: Discovering "C:\\Users\\Administrator\\Dropbox\\Source\\Projects-25\\TenantArmor_SASS\\tenantarmor\\src\\app\\(marketing)\\privacy-policy"
2025-05-21T03:15:30.156371Z  INFO get_files:scan_sources: tailwindcss_oxide::scanner: Discovering "C:\\Users\\Administrator\\Dropbox\\Source\\Projects-25\\TenantArmor_SASS\\tenantarmor\\src\\app\\(marketing)\\privacy-policy\\page.tsx"
2025-05-21T03:15:30.156915Z  INFO get_files:scan_sources: tailwindcss_oxide::scanner: Discovering "C:\\Users\\Administrator\\Dropbox\\Source\\Projects-25\\TenantArmor_SASS\\tenantarmor\\src\\app\\about"
2025-05-21T03:15:30.157469Z  INFO get_files:scan_sources: tailwindcss_oxide::scanner: Discovering "C:\\Users\\Administrator\\Dropbox\\Source\\Projects-25\\TenantArmor_SASS\\tenantarmor\\src\\app\\components"
2025-05-21T03:15:30.157913Z  INFO get_files:scan_sources: tailwindcss_oxide::scanner: Discovering "C:\\Users\\Administrator\\Dropbox\\Source\\Projects-25\\TenantArmor_SASS\\tenantarmor\\src\\app\\components\\common"
2025-05-21T03:15:30.158260Z  INFO get_files:scan_sources: tailwindcss_oxide::scanner: Discovering "C:\\Users\\Administrator\\Dropbox\\Source\\Projects-25\\TenantArmor_SASS\\tenantarmor\\src\\app\\components\\common\\color-demo.tsx"
2025-05-21T03:15:30.158439Z  INFO get_files:scan_sources: tailwindcss_oxide::scanner: Discovering "C:\\Users\\Administrator\\Dropbox\\Source\\Projects-25\\TenantArmor_SASS\\tenantarmor\\src\\app\\components\\common\\sidebar-nav.tsx"
2025-05-21T03:15:30.158605Z  INFO get_files:scan_sources: tailwindcss_oxide::scanner: Discovering "C:\\Users\\Administrator\\Dropbox\\Source\\Projects-25\\TenantArmor_SASS\\tenantarmor\\src\\app\\components\\common\\theme-switcher.tsx"
2025-05-21T03:15:30.158960Z  INFO get_files:scan_sources: tailwindcss_oxide::scanner: Discovering "C:\\Users\\Administrator\\Dropbox\\Source\\Projects-25\\TenantArmor_SASS\\tenantarmor\\src\\app\\components\\providers"
2025-05-21T03:15:30.159347Z  INFO get_files:scan_sources: tailwindcss_oxide::scanner: Discovering "C:\\Users\\Administrator\\Dropbox\\Source\\Projects-25\\TenantArmor_SASS\\tenantarmor\\src\\app\\components\\providers\\color-theme-provider.tsx"
2025-05-21T03:15:30.159744Z  INFO get_files:scan_sources: tailwindcss_oxide::scanner: Discovering "C:\\Users\\Administrator\\Dropbox\\Source\\Projects-25\\TenantArmor_SASS\\tenantarmor\\src\\app\\dashboard"
2025-05-21T03:15:30.160258Z  INFO get_files:scan_sources: tailwindcss_oxide::scanner: Discovering "C:\\Users\\Administrator\\Dropbox\\Source\\Projects-25\\TenantArmor_SASS\\tenantarmor\\src\\app\\dashboard\\components"
2025-05-21T03:15:30.160819Z  INFO get_files:scan_sources: tailwindcss_oxide::scanner: Discovering "C:\\Users\\Administrator\\Dropbox\\Source\\Projects-25\\TenantArmor_SASS\\tenantarmor\\src\\app\\dashboard\\eviction-response"
2025-05-21T03:15:30.161430Z  INFO get_files:scan_sources: tailwindcss_oxide::scanner: Discovering "C:\\Users\\Administrator\\Dropbox\\Source\\Projects-25\\TenantArmor_SASS\\tenantarmor\\src\\app\\dashboard\\lease-analysis"
2025-05-21T03:15:30.161950Z  INFO get_files:scan_sources: tailwindcss_oxide::scanner: Discovering "C:\\Users\\Administrator\\Dropbox\\Source\\Projects-25\\TenantArmor_SASS\\tenantarmor\\src\\app\\dashboard\\lease-analysis\\components"
2025-05-21T03:15:30.162565Z  INFO get_files:scan_sources: tailwindcss_oxide::scanner: Discovering "C:\\Users\\Administrator\\Dropbox\\Source\\Projects-25\\TenantArmor_SASS\\tenantarmor\\src\\app\\dashboard\\lease-analysis\\upload"
2025-05-21T03:15:30.163140Z  INFO get_files:scan_sources: tailwindcss_oxide::scanner: Discovering "C:\\Users\\Administrator\\Dropbox\\Source\\Projects-25\\TenantArmor_SASS\\tenantarmor\\src\\app\\dashboard\\lease-analysis\\[analysisId]"
2025-05-21T03:15:30.163839Z  INFO get_files:scan_sources: tailwindcss_oxide::scanner: Discovering "C:\\Users\\Administrator\\Dropbox\\Source\\Projects-25\\TenantArmor_SASS\\tenantarmor\\src\\app\\dashboard\\login"
2025-05-21T03:15:30.164610Z  INFO get_files:scan_sources: tailwindcss_oxide::scanner: Discovering "C:\\Users\\Administrator\\Dropbox\\Source\\Projects-25\\TenantArmor_SASS\\tenantarmor\\src\\app\\dashboard\\profile"
2025-05-21T03:15:30.165302Z  INFO get_files:scan_sources: tailwindcss_oxide::scanner: Discovering "C:\\Users\\Administrator\\Dropbox\\Source\\Projects-25\\TenantArmor_SASS\\tenantarmor\\src\\app\\dashboard\\signup"
2025-05-21T03:15:30.165807Z  INFO get_files:scan_sources: tailwindcss_oxide::scanner: Discovering "C:\\Users\\Administrator\\Dropbox\\Source\\Projects-25\\TenantArmor_SASS\\tenantarmor\\src\\app\\globals.css"
2025-05-21T03:15:30.166038Z  INFO get_files:scan_sources: tailwindcss_oxide::scanner: Discovering "C:\\Users\\Administrator\\Dropbox\\Source\\Projects-25\\TenantArmor_SASS\\tenantarmor\\src\\app\\layout.tsx"
2025-05-21T03:15:30.166202Z  INFO get_files:scan_sources: tailwindcss_oxide::scanner: Discovering "C:\\Users\\Administrator\\Dropbox\\Source\\Projects-25\\TenantArmor_SASS\\tenantarmor\\src\\app\\page.tsx"
2025-05-21T03:15:30.166535Z  INFO get_files:scan_sources: tailwindcss_oxide::scanner: Discovering "C:\\Users\\Administrator\\Dropbox\\Source\\Projects-25\\TenantArmor_SASS\\tenantarmor\\src\\app\\privacy-policy"
2025-05-21T03:15:30.167101Z  INFO get_files:scan_sources: tailwindcss_oxide::scanner: Discovering "C:\\Users\\Administrator\\Dropbox\\Source\\Projects-25\\TenantArmor_SASS\\tenantarmor\\src\\lib"
2025-05-21T03:15:30.167434Z  INFO get_files:scan_sources: tailwindcss_oxide::scanner: Discovering "C:\\Users\\Administrator\\Dropbox\\Source\\Projects-25\\TenantArmor_SASS\\tenantarmor\\src\\lib\\types.ts"
2025-05-21T03:15:30.167711Z  INFO get_files:scan_sources: tailwindcss_oxide::scanner: Discovering "C:\\Users\\Administrator\\Dropbox\\Source\\Projects-25\\TenantArmor_SASS\\tenantarmor\\tailwind.config.ts"
2025-05-21T03:15:30.167876Z  INFO get_files:scan_sources: tailwindcss_oxide::scanner: Discovering "C:\\Users\\Administrator\\Dropbox\\Source\\Projects-25\\TenantArmor_SASS\\tenantarmor\\tsconfig.json"
2025-05-21T03:15:30.168324Z  INFO get_files:scan_sources: tailwindcss_oxide::scanner: exit
2025-05-21T03:15:30.169172Z  INFO get_files: tailwindcss_oxide::scanner: exit
2025-05-21T03:15:30.169377Z  INFO get_globs: tailwindcss_oxide::scanner: enter
2025-05-21T03:15:30.169415Z  INFO get_globs:scan_sources: tailwindcss_oxide::scanner: enter
2025-05-21T03:15:30.180228Z  INFO get_globs:scan_sources: tailwindcss_oxide::scanner: Discovering "C:\\Users\\Administrator\\Dropbox\\Source\\Projects-25\\TenantArmor_SASS\\tenantarmor\\public"
2025-05-21T03:15:30.182297Z  INFO get_globs:scan_sources: tailwindcss_oxide::scanner: Discovering "C:\\Users\\Administrator\\Dropbox\\Source\\Projects-25\\TenantArmor_SASS\\tenantarmor\\src"
2025-05-21T03:15:30.183009Z  INFO get_globs:scan_sources: tailwindcss_oxide::scanner: Discovering "C:\\Users\\Administrator\\Dropbox\\Source\\Projects-25\\TenantArmor_SASS\\tenantarmor\\src\\app"
2025-05-21T03:15:30.183670Z  INFO get_globs:scan_sources: tailwindcss_oxide::scanner: Discovering "C:\\Users\\Administrator\\Dropbox\\Source\\Projects-25\\TenantArmor_SASS\\tenantarmor\\src\\app\\(auth)"
2025-05-21T03:15:30.184325Z  INFO get_globs:scan_sources: tailwindcss_oxide::scanner: Discovering "C:\\Users\\Administrator\\Dropbox\\Source\\Projects-25\\TenantArmor_SASS\\tenantarmor\\src\\app\\(auth)\\login"
2025-05-21T03:15:30.185206Z  INFO get_globs:scan_sources: tailwindcss_oxide::scanner: Discovering "C:\\Users\\Administrator\\Dropbox\\Source\\Projects-25\\TenantArmor_SASS\\tenantarmor\\src\\app\\(auth)\\signup"
2025-05-21T03:15:30.186161Z  INFO get_globs:scan_sources: tailwindcss_oxide::scanner: Discovering "C:\\Users\\Administrator\\Dropbox\\Source\\Projects-25\\TenantArmor_SASS\\tenantarmor\\src\\app\\(dashboard)"
2025-05-21T03:15:30.186982Z  INFO get_globs:scan_sources: tailwindcss_oxide::scanner: Discovering "C:\\Users\\Administrator\\Dropbox\\Source\\Projects-25\\TenantArmor_SASS\\tenantarmor\\src\\app\\(dashboard)\\dashboard"
2025-05-21T03:15:30.188102Z  INFO get_globs:scan_sources: tailwindcss_oxide::scanner: Discovering "C:\\Users\\Administrator\\Dropbox\\Source\\Projects-25\\TenantArmor_SASS\\tenantarmor\\src\\app\\(dashboard)\\eviction-response"
2025-05-21T03:15:30.189218Z  INFO get_globs:scan_sources: tailwindcss_oxide::scanner: Discovering "C:\\Users\\Administrator\\Dropbox\\Source\\Projects-25\\TenantArmor_SASS\\tenantarmor\\src\\app\\(dashboard)\\lease-analysis"
2025-05-21T03:15:30.189772Z  INFO get_globs:scan_sources: tailwindcss_oxide::scanner: Discovering "C:\\Users\\Administrator\\Dropbox\\Source\\Projects-25\\TenantArmor_SASS\\tenantarmor\\src\\app\\(dashboard)\\lease-analysis\\components"
2025-05-21T03:15:30.190549Z  INFO get_globs:scan_sources: tailwindcss_oxide::scanner: Discovering "C:\\Users\\Administrator\\Dropbox\\Source\\Projects-25\\TenantArmor_SASS\\tenantarmor\\src\\app\\(dashboard)\\lease-analysis\\upload"
2025-05-21T03:15:30.191168Z  INFO get_globs:scan_sources: tailwindcss_oxide::scanner: Discovering "C:\\Users\\Administrator\\Dropbox\\Source\\Projects-25\\TenantArmor_SASS\\tenantarmor\\src\\app\\(dashboard)\\lease-analysis\\[analysisId]"
2025-05-21T03:15:30.191820Z  INFO get_globs:scan_sources: tailwindcss_oxide::scanner: Discovering "C:\\Users\\Administrator\\Dropbox\\Source\\Projects-25\\TenantArmor_SASS\\tenantarmor\\src\\app\\(dashboard)\\profile"
2025-05-21T03:15:30.192453Z  INFO get_globs:scan_sources: tailwindcss_oxide::scanner: Discovering "C:\\Users\\Administrator\\Dropbox\\Source\\Projects-25\\TenantArmor_SASS\\tenantarmor\\src\\app\\(marketing)"
2025-05-21T03:15:30.192896Z  INFO get_globs:scan_sources: tailwindcss_oxide::scanner: Discovering "C:\\Users\\Administrator\\Dropbox\\Source\\Projects-25\\TenantArmor_SASS\\tenantarmor\\src\\app\\(marketing)\\about"
2025-05-21T03:15:30.193465Z  INFO get_globs:scan_sources: tailwindcss_oxide::scanner: Discovering "C:\\Users\\Administrator\\Dropbox\\Source\\Projects-25\\TenantArmor_SASS\\tenantarmor\\src\\app\\(marketing)\\privacy-policy"
2025-05-21T03:15:30.194320Z  INFO get_globs:scan_sources: tailwindcss_oxide::scanner: Discovering "C:\\Users\\Administrator\\Dropbox\\Source\\Projects-25\\TenantArmor_SASS\\tenantarmor\\src\\app\\about"
2025-05-21T03:15:30.195184Z  INFO get_globs:scan_sources: tailwindcss_oxide::scanner: Discovering "C:\\Users\\Administrator\\Dropbox\\Source\\Projects-25\\TenantArmor_SASS\\tenantarmor\\src\\app\\components"
2025-05-21T03:15:30.195970Z  INFO get_globs:scan_sources: tailwindcss_oxide::scanner: Discovering "C:\\Users\\Administrator\\Dropbox\\Source\\Projects-25\\TenantArmor_SASS\\tenantarmor\\src\\app\\components\\common"
2025-05-21T03:15:30.198679Z  INFO get_globs:scan_sources: tailwindcss_oxide::scanner: Discovering "C:\\Users\\Administrator\\Dropbox\\Source\\Projects-25\\TenantArmor_SASS\\tenantarmor\\src\\app\\components\\providers"
2025-05-21T03:15:30.200803Z  INFO get_globs:scan_sources: tailwindcss_oxide::scanner: Discovering "C:\\Users\\Administrator\\Dropbox\\Source\\Projects-25\\TenantArmor_SASS\\tenantarmor\\src\\app\\dashboard"
2025-05-21T03:15:30.201605Z  INFO get_globs:scan_sources: tailwindcss_oxide::scanner: Discovering "C:\\Users\\Administrator\\Dropbox\\Source\\Projects-25\\TenantArmor_SASS\\tenantarmor\\src\\app\\dashboard\\components"
2025-05-21T03:15:30.202531Z  INFO get_globs:scan_sources: tailwindcss_oxide::scanner: Discovering "C:\\Users\\Administrator\\Dropbox\\Source\\Projects-25\\TenantArmor_SASS\\tenantarmor\\src\\app\\dashboard\\eviction-response"
2025-05-21T03:15:30.203390Z  INFO get_globs:scan_sources: tailwindcss_oxide::scanner: Discovering "C:\\Users\\Administrator\\Dropbox\\Source\\Projects-25\\TenantArmor_SASS\\tenantarmor\\src\\app\\dashboard\\lease-analysis"
2025-05-21T03:15:30.204358Z  INFO get_globs:scan_sources: tailwindcss_oxide::scanner: Discovering "C:\\Users\\Administrator\\Dropbox\\Source\\Projects-25\\TenantArmor_SASS\\tenantarmor\\src\\app\\dashboard\\lease-analysis\\components"
2025-05-21T03:15:30.205280Z  INFO get_globs:scan_sources: tailwindcss_oxide::scanner: Discovering "C:\\Users\\Administrator\\Dropbox\\Source\\Projects-25\\TenantArmor_SASS\\tenantarmor\\src\\app\\dashboard\\lease-analysis\\upload"
2025-05-21T03:15:30.206227Z  INFO get_globs:scan_sources: tailwindcss_oxide::scanner: Discovering "C:\\Users\\Administrator\\Dropbox\\Source\\Projects-25\\TenantArmor_SASS\\tenantarmor\\src\\app\\dashboard\\lease-analysis\\[analysisId]"
2025-05-21T03:15:30.207282Z  INFO get_globs:scan_sources: tailwindcss_oxide::scanner: Discovering "C:\\Users\\Administrator\\Dropbox\\Source\\Projects-25\\TenantArmor_SASS\\tenantarmor\\src\\app\\dashboard\\login"
2025-05-21T03:15:30.208099Z  INFO get_globs:scan_sources: tailwindcss_oxide::scanner: Discovering "C:\\Users\\Administrator\\Dropbox\\Source\\Projects-25\\TenantArmor_SASS\\tenantarmor\\src\\app\\dashboard\\profile"
2025-05-21T03:15:30.208699Z  INFO get_globs:scan_sources: tailwindcss_oxide::scanner: Discovering "C:\\Users\\Administrator\\Dropbox\\Source\\Projects-25\\TenantArmor_SASS\\tenantarmor\\src\\app\\dashboard\\signup"
2025-05-21T03:15:30.209635Z  INFO get_globs:scan_sources: tailwindcss_oxide::scanner: Discovering "C:\\Users\\Administrator\\Dropbox\\Source\\Projects-25\\TenantArmor_SASS\\tenantarmor\\src\\app\\privacy-policy"
2025-05-21T03:15:30.210198Z  INFO get_globs:scan_sources: tailwindcss_oxide::scanner: Discovering "C:\\Users\\Administrator\\Dropbox\\Source\\Projects-25\\TenantArmor_SASS\\tenantarmor\\src\\lib"
2025-05-21T03:15:30.211573Z  INFO get_globs:scan_sources: tailwindcss_oxide::scanner: exit
2025-05-21T03:15:30.233123Z  INFO get_globs: tailwindcss_oxide::scanner: exit
